2013-Jul-15 18:52:04,776 [AWT-EventQueue-0] org.hibernate.SQL 
  DEBUG 
    select
        count(*) as col_0_0_ 
    from
        acesso login0_ 
    where
        login0_.nmusuario=? 
        and login0_.nmsenha=? limit ?
2013-Jul-15 18:52:05,551 [AWT-EventQueue-0] org.hibernate.SQL 
  DEBUG 
    select
        count(categoriap0_.cdcat) as col_0_0_ 
    from
        cat_ds categoriap0_ limit ?
2013-Jul-15 18:52:05,995 [AWT-EventQueue-0] org.hibernate.SQL 
  DEBUG 
    select
        categoriap0_.cdcat as cdcat58_,
        categoriap0_.nmcat as nmcat58_ 
    from
        cat_ds categoriap0_
2013-Jul-15 18:52:06,307 [AWT-EventQueue-0] org.hibernate.SQL 
  DEBUG 
    select
        categoriap0_.cdcat as cdcat58_,
        categoriap0_.nmcat as nmcat58_ 
    from
        cat_ds categoriap0_ limit ?
2013-Jul-15 18:52:06,333 [AWT-EventQueue-0] org.hibernate.SQL 
  DEBUG 
    select
        count(tipoatribu0_.idtat) as col_0_0_ 
    from
        tat tipoatribu0_ limit ?
2013-Jul-15 18:52:06,380 [AWT-EventQueue-0] org.hibernate.SQL 
  DEBUG 
    select
        tipoatribu0_.idtat as idtat72_,
        tipoatribu0_.nmtat as nmtat72_ 
    from
        tat tipoatribu0_ limit ?
