2013-Jul-12 18:42:01,092 [AWT-EventQueue-0] org.hibernate.SQL 
  DEBUG 
    select
        count(*) as col_0_0_ 
    from
        acesso login0_ 
    where
        login0_.nmusuario=? 
        and login0_.nmsenha=? limit ?
2013-Jul-12 18:42:02,302 [AWT-EventQueue-0] org.hibernate.SQL 
  DEBUG 
    select
        count(categoriap0_.cdcat) as col_0_0_ 
    from
        cat_ds categoriap0_ limit ?
2013-Jul-12 18:42:02,711 [AWT-EventQueue-0] org.hibernate.SQL 
  DEBUG 
    select
        categoriap0_.cdcat as cdcat58_,
        categoriap0_.nmcat as nmcat58_ 
    from
        cat_ds categoriap0_
2013-Jul-12 18:42:02,830 [AWT-EventQueue-0] org.hibernate.SQL 
  DEBUG 
    select
        categoriap0_.cdcat as cdcat58_,
        categoriap0_.nmcat as nmcat58_ 
    from
        cat_ds categoriap0_ limit ?
2013-Jul-12 18:42:02,853 [AWT-EventQueue-0] org.hibernate.SQL 
  DEBUG 
    select
        count(tipoatribu0_.idtat) as col_0_0_ 
    from
        tat tipoatribu0_ limit ?
2013-Jul-12 18:42:02,916 [AWT-EventQueue-0] org.hibernate.SQL 
  DEBUG 
    select
        tipoatribu0_.idtat as idtat72_,
        tipoatribu0_.nmtat as nmtat72_ 
    from
        tat tipoatribu0_ limit ?
2013-Jul-12 18:42:27,966 [AWT-EventQueue-0] org.hibernate.SQL 
  DEBUG 
    select
        categoriap0_.cdcat as cdcat37_1_,
        categoriap0_.nmcat as nmcat37_1_,
        professorl1_.fkcatds as fkcatds37_3_,
        professor2_.cdprf as fkprf3_,
        professor2_.cdprf as cdprf43_0_,
        professor2_.pfprf as pfprf43_0_,
        professor2_.mtprf as mtprf43_0_,
        professor2_.nmprf as nmprf43_0_,
        professor2_1_.fkcatds as fkcatds44_0_,
        professor2_1_.rgprfds as rgprfds44_0_,
        professor2_1_.fktpcds as fktpcds44_0_ 
    from
        cat_ds categoriap0_ 
    left outer join
        prf_ds professorl1_ 
            on categoriap0_.cdcat=professorl1_.fkcatds 
    left outer join
        prf professor2_ 
            on professorl1_.fkprf=professor2_.cdprf 
    left outer join
        prf_ds professor2_1_ 
            on professor2_.cdprf=professor2_1_.fkprf 
    where
        categoriap0_.cdcat=?
2013-Jul-12 18:42:28,217 [AWT-EventQueue-0] org.hibernate.SQL 
  DEBUG 
    insert 
    into
        cat_ds
        (nmcat, cdcat) 
    values
        (?, ?)
2013-Jul-12 18:42:28,366 [AWT-EventQueue-0] org.hibernate.SQL 
  DEBUG 
    select
        count(*) as col_0_0_ 
    from
        cat_ds categoriap0_ limit ?
2013-Jul-12 18:42:28,368 [AWT-EventQueue-0] org.hibernate.SQL 
  DEBUG 
    select
        count(*) as col_0_0_ 
    from
        cat_ds categoriap0_
2013-Jul-12 18:42:28,369 [AWT-EventQueue-0] org.hibernate.SQL 
  DEBUG 
    select
        categoriap0_.cdcat as cdcat37_,
        categoriap0_.nmcat as nmcat37_ 
    from
        cat_ds categoriap0_ limit ?
2013-Jul-12 18:42:40,386 [AWT-EventQueue-0] org.hibernate.SQL 
  DEBUG 
    select
        categoriap0_.cdcat as cdcat37_1_,
        categoriap0_.nmcat as nmcat37_1_,
        professorl1_.fkcatds as fkcatds37_3_,
        professor2_.cdprf as fkprf3_,
        professor2_.cdprf as cdprf43_0_,
        professor2_.pfprf as pfprf43_0_,
        professor2_.mtprf as mtprf43_0_,
        professor2_.nmprf as nmprf43_0_,
        professor2_1_.fkcatds as fkcatds44_0_,
        professor2_1_.rgprfds as rgprfds44_0_,
        professor2_1_.fktpcds as fktpcds44_0_ 
    from
        cat_ds categoriap0_ 
    left outer join
        prf_ds professorl1_ 
            on categoriap0_.cdcat=professorl1_.fkcatds 
    left outer join
        prf professor2_ 
            on professorl1_.fkprf=professor2_.cdprf 
    left outer join
        prf_ds professor2_1_ 
            on professor2_.cdprf=professor2_1_.fkprf 
    where
        categoriap0_.cdcat=?
2013-Jul-12 18:42:40,396 [AWT-EventQueue-0] org.hibernate.SQL 
  DEBUG 
    update
        cat_ds 
    set
        nmcat=? 
    where
        cdcat=?
2013-Jul-12 18:42:40,419 [AWT-EventQueue-0] org.hibernate.SQL 
  DEBUG 
    select
        count(*) as col_0_0_ 
    from
        cat_ds categoriap0_ limit ?
2013-Jul-12 18:42:40,422 [AWT-EventQueue-0] org.hibernate.SQL 
  DEBUG 
    select
        count(*) as col_0_0_ 
    from
        cat_ds categoriap0_
2013-Jul-12 18:42:40,423 [AWT-EventQueue-0] org.hibernate.SQL 
  DEBUG 
    select
        categoriap0_.cdcat as cdcat37_,
        categoriap0_.nmcat as nmcat37_ 
    from
        cat_ds categoriap0_ limit ?
2013-Jul-12 18:42:52,489 [AWT-EventQueue-0] org.hibernate.SQL 
  DEBUG 
    select
        categoriap0_.cdcat as cdcat37_1_,
        categoriap0_.nmcat as nmcat37_1_,
        professorl1_.fkcatds as fkcatds37_3_,
        professor2_.cdprf as fkprf3_,
        professor2_.cdprf as cdprf43_0_,
        professor2_.pfprf as pfprf43_0_,
        professor2_.mtprf as mtprf43_0_,
        professor2_.nmprf as nmprf43_0_,
        professor2_1_.fkcatds as fkcatds44_0_,
        professor2_1_.rgprfds as rgprfds44_0_,
        professor2_1_.fktpcds as fktpcds44_0_ 
    from
        cat_ds categoriap0_ 
    left outer join
        prf_ds professorl1_ 
            on categoriap0_.cdcat=professorl1_.fkcatds 
    left outer join
        prf professor2_ 
            on professorl1_.fkprf=professor2_.cdprf 
    left outer join
        prf_ds professor2_1_ 
            on professor2_.cdprf=professor2_1_.fkprf 
    where
        categoriap0_.cdcat=?
2013-Jul-12 18:42:52,491 [AWT-EventQueue-0] org.hibernate.SQL 
  DEBUG 
    insert 
    into
        cat_ds
        (nmcat, cdcat) 
    values
        (?, ?)
2013-Jul-12 18:42:52,517 [AWT-EventQueue-0] org.hibernate.SQL 
  DEBUG 
    select
        count(*) as col_0_0_ 
    from
        cat_ds categoriap0_ limit ?
2013-Jul-12 18:42:52,520 [AWT-EventQueue-0] org.hibernate.SQL 
  DEBUG 
    select
        count(*) as col_0_0_ 
    from
        cat_ds categoriap0_
2013-Jul-12 18:42:52,521 [AWT-EventQueue-0] org.hibernate.SQL 
  DEBUG 
    select
        categoriap0_.cdcat as cdcat37_,
        categoriap0_.nmcat as nmcat37_ 
    from
        cat_ds categoriap0_ limit ?
