2013-Jun-27 09:13:28,826 [AWT-EventQueue-0] org.hibernate.SQL 
  DEBUG 
    select
        periodolet0_.cdplv as cdplv69_,
        periodolet0_.yrplv as yrplv69_,
        periodolet0_.dtfimplv as dtfimplv69_,
        periodolet0_.dtinicioplv as dtinicio4_69_,
        periodolet0_.smplv as smplv69_,
        periodolet0_.stplv as stplv69_ 
    from
        eteab01.plv periodolet0_ 
    where
        periodolet0_.stplv=?
2013-Jun-27 09:13:28,905 [AWT-EventQueue-0] org.hibernate.SQL 
  DEBUG 
    select
        turmalist0_.fkplv as fkplv69_4_,
        turmalist0_.cdtur as cdtur4_,
        turmalist0_.cdtur as cdtur66_3_,
        turmalist0_.fkrepalu as fkrepalu66_3_,
        turmalist0_.fkmdl as fkmdl66_3_,
        turmalist0_.fkper as fkper66_3_,
        turmalist0_.fkplv as fkplv66_3_,
        turmalist0_.sgtur as sgtur66_3_,
        modulo1_.cdmdl as cdmdl71_0_,
        modulo1_.fkgrd as fkgrd71_0_,
        modulo1_.sqmdl as sqmdl71_0_,
        gradecurri2_.cdgrd as cdgrd70_1_,
        gradecurri2_.dsgrd as dsgrd70_1_,
        gradecurri2_.fkhab as fkhab70_1_,
        gradecurri2_.obgrd as obgrd70_1_,
        periodo3_.idper as idper64_2_,
        periodo3_.nmper as nmper64_2_ 
    from
        eteab01.tur turmalist0_ 
    inner join
        eteab01.mdl modulo1_ 
            on turmalist0_.fkmdl=modulo1_.cdmdl 
    left outer join
        eteab01.grd gradecurri2_ 
            on modulo1_.fkgrd=gradecurri2_.cdgrd 
    inner join
        eteab01.per periodo3_ 
            on turmalist0_.fkper=periodo3_.idper 
    where
        turmalist0_.fkplv=?
2013-Jun-27 09:13:28,929 [AWT-EventQueue-0] org.hibernate.SQL 
  DEBUG 
    select
        habilitaca0_.idhab as idhab63_0_,
        habilitaca0_.dshab as dshab63_0_,
        habilitaca0_.nmhab as nmhab63_0_ 
    from
        eteab01.hab habilitaca0_ 
    where
        habilitaca0_.idhab=?
2013-Jun-27 09:13:28,932 [AWT-EventQueue-0] org.hibernate.SQL 
  DEBUG 
    select
        habilitaca0_.idhab as idhab63_0_,
        habilitaca0_.dshab as dshab63_0_,
        habilitaca0_.nmhab as nmhab63_0_ 
    from
        eteab01.hab habilitaca0_ 
    where
        habilitaca0_.idhab=?
2013-Jun-27 09:13:28,934 [AWT-EventQueue-0] org.hibernate.SQL 
  DEBUG 
    select
        habilitaca0_.idhab as idhab63_0_,
        habilitaca0_.dshab as dshab63_0_,
        habilitaca0_.nmhab as nmhab63_0_ 
    from
        eteab01.hab habilitaca0_ 
    where
        habilitaca0_.idhab=?
2013-Jun-27 09:13:28,937 [AWT-EventQueue-0] org.hibernate.SQL 
  DEBUG 
    select
        habilitaca0_.idhab as idhab63_0_,
        habilitaca0_.dshab as dshab63_0_,
        habilitaca0_.nmhab as nmhab63_0_ 
    from
        eteab01.hab habilitaca0_ 
    where
        habilitaca0_.idhab=?
2013-Jun-27 09:13:28,939 [AWT-EventQueue-0] org.hibernate.SQL 
  DEBUG 
    select
        habilitaca0_.idhab as idhab63_0_,
        habilitaca0_.dshab as dshab63_0_,
        habilitaca0_.nmhab as nmhab63_0_ 
    from
        eteab01.hab habilitaca0_ 
    where
        habilitaca0_.idhab=?
2013-Jun-27 09:13:28,942 [AWT-EventQueue-0] org.hibernate.SQL 
  DEBUG 
    select
        habilitaca0_.idhab as idhab63_0_,
        habilitaca0_.dshab as dshab63_0_,
        habilitaca0_.nmhab as nmhab63_0_ 
    from
        eteab01.hab habilitaca0_ 
    where
        habilitaca0_.idhab=?
2013-Jun-27 09:13:28,944 [AWT-EventQueue-0] org.hibernate.SQL 
  DEBUG 
    select
        habilitaca0_.idhab as idhab63_0_,
        habilitaca0_.dshab as dshab63_0_,
        habilitaca0_.nmhab as nmhab63_0_ 
    from
        eteab01.hab habilitaca0_ 
    where
        habilitaca0_.idhab=?
2013-Jun-27 09:13:28,948 [AWT-EventQueue-0] org.hibernate.SQL 
  DEBUG 
    select
        turmalist0_.fkplv as fkplv69_4_,
        turmalist0_.cdtur as cdtur4_,
        turmalist0_.cdtur as cdtur66_3_,
        turmalist0_.fkrepalu as fkrepalu66_3_,
        turmalist0_.fkmdl as fkmdl66_3_,
        turmalist0_.fkper as fkper66_3_,
        turmalist0_.fkplv as fkplv66_3_,
        turmalist0_.sgtur as sgtur66_3_,
        modulo1_.cdmdl as cdmdl71_0_,
        modulo1_.fkgrd as fkgrd71_0_,
        modulo1_.sqmdl as sqmdl71_0_,
        gradecurri2_.cdgrd as cdgrd70_1_,
        gradecurri2_.dsgrd as dsgrd70_1_,
        gradecurri2_.fkhab as fkhab70_1_,
        gradecurri2_.obgrd as obgrd70_1_,
        periodo3_.idper as idper64_2_,
        periodo3_.nmper as nmper64_2_ 
    from
        eteab01.tur turmalist0_ 
    inner join
        eteab01.mdl modulo1_ 
            on turmalist0_.fkmdl=modulo1_.cdmdl 
    left outer join
        eteab01.grd gradecurri2_ 
            on modulo1_.fkgrd=gradecurri2_.cdgrd 
    inner join
        eteab01.per periodo3_ 
            on turmalist0_.fkper=periodo3_.idper 
    where
        turmalist0_.fkplv=?
2013-Jun-27 09:13:28,953 [AWT-EventQueue-0] org.hibernate.SQL 
  DEBUG 
    select
        habilitaca0_.idhab as idhab63_0_,
        habilitaca0_.dshab as dshab63_0_,
        habilitaca0_.nmhab as nmhab63_0_ 
    from
        eteab01.hab habilitaca0_ 
    where
        habilitaca0_.idhab=?
2013-Jun-27 09:13:29,482 [AWT-EventQueue-0] org.hibernate.SQL 
  DEBUG 
    select
        professor0_.cdprf as cdprf61_,
        professor0_.pfprf as pfprf61_,
        professor0_.mtprf as mtprf61_,
        professor0_.nmprf as nmprf61_,
        professor0_1_.fkcatds as fkcatds62_,
        professor0_1_.rgprfds as rgprfds62_,
        professor0_1_.fktpcds as fktpcds62_ 
    from
        prf professor0_ 
    left outer join
        prf_ds professor0_1_ 
            on professor0_.cdprf=professor0_1_.fkprf 
    order by
        professor0_.nmprf asc
2013-Jun-27 09:13:29,493 [AWT-EventQueue-0] org.hibernate.SQL 
  DEBUG 
    select
        categoriap0_.cdcat as cdcat58_0_,
        categoriap0_.nmcat as nmcat58_0_ 
    from
        cat_ds categoriap0_ 
    where
        categoriap0_.cdcat=?
2013-Jun-27 09:13:29,495 [AWT-EventQueue-0] org.hibernate.SQL 
  DEBUG 
    select
        tipocontra0_.idtpc as idtpc65_0_,
        tipocontra0_.nmtpc as nmtpc65_0_ 
    from
        tpc_ds tipocontra0_ 
    where
        tipocontra0_.idtpc=?
2013-Jun-27 09:13:29,497 [AWT-EventQueue-0] org.hibernate.SQL 
  DEBUG 
    select
        categoriap0_.cdcat as cdcat58_0_,
        categoriap0_.nmcat as nmcat58_0_ 
    from
        cat_ds categoriap0_ 
    where
        categoriap0_.cdcat=?
2013-Jun-27 09:13:29,500 [AWT-EventQueue-0] org.hibernate.SQL 
  DEBUG 
    select
        tipocontra0_.idtpc as idtpc65_0_,
        tipocontra0_.nmtpc as nmtpc65_0_ 
    from
        tpc_ds tipocontra0_ 
    where
        tipocontra0_.idtpc=?
2013-Jun-27 09:13:29,503 [AWT-EventQueue-0] org.hibernate.SQL 
  DEBUG 
    select
        tipocontra0_.idtpc as idtpc65_0_,
        tipocontra0_.nmtpc as nmtpc65_0_ 
    from
        tpc_ds tipocontra0_ 
    where
        tipocontra0_.idtpc=?
2013-Jun-27 09:13:29,508 [AWT-EventQueue-0] org.hibernate.SQL 
  DEBUG 
    select
        professor0_.cdprf as cdprf61_,
        professor0_.pfprf as pfprf61_,
        professor0_.mtprf as mtprf61_,
        professor0_.nmprf as nmprf61_,
        professor0_1_.fkcatds as fkcatds62_,
        professor0_1_.rgprfds as rgprfds62_,
        professor0_1_.fktpcds as fktpcds62_ 
    from
        prf professor0_ 
    left outer join
        prf_ds professor0_1_ 
            on professor0_.cdprf=professor0_1_.fkprf 
    order by
        professor0_.nmprf asc
2013-Jun-27 09:13:31,989 [AWT-EventQueue-0] org.hibernate.SQL 
  DEBUG 
    select
        login0_.nmusuario as nmusuario29_,
        login0_.nmacesso as nmacesso29_,
        login0_.nmsenha as nmsenha29_ 
    from
        acesso login0_ 
    where
        login0_.nmusuario=? 
        and login0_.nmsenha=? limit ?
2013-Jun-27 09:13:37,465 [AWT-EventQueue-0] org.hibernate.SQL 
  DEBUG 
    select
        count(*) as col_0_0_ 
    from
        acesso login0_ 
    where
        login0_.nmusuario=? 
        and login0_.nmsenha=? limit ?
2013-Jun-27 09:13:43,865 [AWT-EventQueue-0] org.hibernate.SQL 
  DEBUG 
    select
        count(*) as col_0_0_ 
    from
        acesso login0_ 
    where
        login0_.nmusuario=? 
        and login0_.nmsenha=? limit ?
2013-Jun-27 09:13:43,869 [AWT-EventQueue-0] org.hibernate.SQL 
  DEBUG 
    select
        login0_.nmusuario as nmusuario29_,
        login0_.nmacesso as nmacesso29_,
        login0_.nmsenha as nmsenha29_ 
    from
        acesso login0_ 
    where
        login0_.nmusuario=? 
        and login0_.nmsenha=? limit ?
2013-Jun-27 09:13:48,868 [AWT-EventQueue-0] org.hibernate.SQL 
  DEBUG 
    select
        atribuicao0_.cdatr as cdatr59_,
        atribuicao0_.fkdis as fkdis59_,
        atribuicao0_.fkplv as fkplv59_,
        atribuicao0_.fkprf as fkprf59_,
        atribuicao0_.fktat as fktat59_,
        atribuicao0_.fktur as fktur59_,
        atribuicao0_1_.fkatrsub as fkatrsub60_,
        atribuicao0_1_.csdisatr as csdisatr60_,
        atribuicao0_1_.flatrsub as flatrsub60_ 
    from
        atr atribuicao0_ 
    left outer join
        atr_ds atribuicao0_1_ 
            on atribuicao0_.cdatr=atribuicao0_1_.fkatr 
    where
        atribuicao0_.fktur=? 
        and atribuicao0_.fkplv=?
2013-Jun-27 09:13:49,123 [AWT-EventQueue-0] org.hibernate.SQL 
  DEBUG 
    select
        disciplina0_.cddis as cddis67_2_,
        disciplina0_.csdis as csdis67_2_,
        disciplina0_.fkmdl as fkmdl67_2_,
        disciplina0_.nmdis as nmdis67_2_,
        disciplina0_.sgdis as sgdis67_2_,
        disciplina0_1_.csdivdis as csdivdis68_2_,
        modulo1_.cdmdl as cdmdl71_0_,
        modulo1_.fkgrd as fkgrd71_0_,
        modulo1_.sqmdl as sqmdl71_0_,
        gradecurri2_.cdgrd as cdgrd70_1_,
        gradecurri2_.dsgrd as dsgrd70_1_,
        gradecurri2_.fkhab as fkhab70_1_,
        gradecurri2_.obgrd as obgrd70_1_ 
    from
        dis disciplina0_ 
    left outer join
        dis_ds disciplina0_1_ 
            on disciplina0_.cddis=disciplina0_1_.fkdis 
    inner join
        eteab01.mdl modulo1_ 
            on disciplina0_.fkmdl=modulo1_.cdmdl 
    left outer join
        eteab01.grd gradecurri2_ 
            on modulo1_.fkgrd=gradecurri2_.cdgrd 
    where
        disciplina0_.cddis=?
2013-Jun-27 09:13:49,334 [AWT-EventQueue-0] org.hibernate.SQL 
  DEBUG 
    select
        tipoatribu0_.idtat as idtat72_0_,
        tipoatribu0_.nmtat as nmtat72_0_ 
    from
        tat tipoatribu0_ 
    where
        tipoatribu0_.idtat=?
2013-Jun-27 09:13:49,384 [AWT-EventQueue-0] org.hibernate.SQL 
  DEBUG 
    select
        disciplina0_.cddis as cddis67_2_,
        disciplina0_.csdis as csdis67_2_,
        disciplina0_.fkmdl as fkmdl67_2_,
        disciplina0_.nmdis as nmdis67_2_,
        disciplina0_.sgdis as sgdis67_2_,
        disciplina0_1_.csdivdis as csdivdis68_2_,
        modulo1_.cdmdl as cdmdl71_0_,
        modulo1_.fkgrd as fkgrd71_0_,
        modulo1_.sqmdl as sqmdl71_0_,
        gradecurri2_.cdgrd as cdgrd70_1_,
        gradecurri2_.dsgrd as dsgrd70_1_,
        gradecurri2_.fkhab as fkhab70_1_,
        gradecurri2_.obgrd as obgrd70_1_ 
    from
        dis disciplina0_ 
    left outer join
        dis_ds disciplina0_1_ 
            on disciplina0_.cddis=disciplina0_1_.fkdis 
    inner join
        eteab01.mdl modulo1_ 
            on disciplina0_.fkmdl=modulo1_.cdmdl 
    left outer join
        eteab01.grd gradecurri2_ 
            on modulo1_.fkgrd=gradecurri2_.cdgrd 
    where
        disciplina0_.cddis=?
2013-Jun-27 09:13:49,387 [AWT-EventQueue-0] org.hibernate.SQL 
  DEBUG 
    select
        disciplina0_.cddis as cddis67_2_,
        disciplina0_.csdis as csdis67_2_,
        disciplina0_.fkmdl as fkmdl67_2_,
        disciplina0_.nmdis as nmdis67_2_,
        disciplina0_.sgdis as sgdis67_2_,
        disciplina0_1_.csdivdis as csdivdis68_2_,
        modulo1_.cdmdl as cdmdl71_0_,
        modulo1_.fkgrd as fkgrd71_0_,
        modulo1_.sqmdl as sqmdl71_0_,
        gradecurri2_.cdgrd as cdgrd70_1_,
        gradecurri2_.dsgrd as dsgrd70_1_,
        gradecurri2_.fkhab as fkhab70_1_,
        gradecurri2_.obgrd as obgrd70_1_ 
    from
        dis disciplina0_ 
    left outer join
        dis_ds disciplina0_1_ 
            on disciplina0_.cddis=disciplina0_1_.fkdis 
    inner join
        eteab01.mdl modulo1_ 
            on disciplina0_.fkmdl=modulo1_.cdmdl 
    left outer join
        eteab01.grd gradecurri2_ 
            on modulo1_.fkgrd=gradecurri2_.cdgrd 
    where
        disciplina0_.cddis=?
2013-Jun-27 09:13:49,389 [AWT-EventQueue-0] org.hibernate.SQL 
  DEBUG 
    select
        disciplina0_.cddis as cddis67_2_,
        disciplina0_.csdis as csdis67_2_,
        disciplina0_.fkmdl as fkmdl67_2_,
        disciplina0_.nmdis as nmdis67_2_,
        disciplina0_.sgdis as sgdis67_2_,
        disciplina0_1_.csdivdis as csdivdis68_2_,
        modulo1_.cdmdl as cdmdl71_0_,
        modulo1_.fkgrd as fkgrd71_0_,
        modulo1_.sqmdl as sqmdl71_0_,
        gradecurri2_.cdgrd as cdgrd70_1_,
        gradecurri2_.dsgrd as dsgrd70_1_,
        gradecurri2_.fkhab as fkhab70_1_,
        gradecurri2_.obgrd as obgrd70_1_ 
    from
        dis disciplina0_ 
    left outer join
        dis_ds disciplina0_1_ 
            on disciplina0_.cddis=disciplina0_1_.fkdis 
    inner join
        eteab01.mdl modulo1_ 
            on disciplina0_.fkmdl=modulo1_.cdmdl 
    left outer join
        eteab01.grd gradecurri2_ 
            on modulo1_.fkgrd=gradecurri2_.cdgrd 
    where
        disciplina0_.cddis=?
2013-Jun-27 09:13:49,394 [AWT-EventQueue-0] org.hibernate.SQL 
  DEBUG 
    select
        disciplina0_.cddis as cddis67_2_,
        disciplina0_.csdis as csdis67_2_,
        disciplina0_.fkmdl as fkmdl67_2_,
        disciplina0_.nmdis as nmdis67_2_,
        disciplina0_.sgdis as sgdis67_2_,
        disciplina0_1_.csdivdis as csdivdis68_2_,
        modulo1_.cdmdl as cdmdl71_0_,
        modulo1_.fkgrd as fkgrd71_0_,
        modulo1_.sqmdl as sqmdl71_0_,
        gradecurri2_.cdgrd as cdgrd70_1_,
        gradecurri2_.dsgrd as dsgrd70_1_,
        gradecurri2_.fkhab as fkhab70_1_,
        gradecurri2_.obgrd as obgrd70_1_ 
    from
        dis disciplina0_ 
    left outer join
        dis_ds disciplina0_1_ 
            on disciplina0_.cddis=disciplina0_1_.fkdis 
    inner join
        eteab01.mdl modulo1_ 
            on disciplina0_.fkmdl=modulo1_.cdmdl 
    left outer join
        eteab01.grd gradecurri2_ 
            on modulo1_.fkgrd=gradecurri2_.cdgrd 
    where
        disciplina0_.cddis=?
2013-Jun-27 09:13:49,396 [AWT-EventQueue-0] org.hibernate.SQL 
  DEBUG 
    select
        disciplina0_.cddis as cddis67_2_,
        disciplina0_.csdis as csdis67_2_,
        disciplina0_.fkmdl as fkmdl67_2_,
        disciplina0_.nmdis as nmdis67_2_,
        disciplina0_.sgdis as sgdis67_2_,
        disciplina0_1_.csdivdis as csdivdis68_2_,
        modulo1_.cdmdl as cdmdl71_0_,
        modulo1_.fkgrd as fkgrd71_0_,
        modulo1_.sqmdl as sqmdl71_0_,
        gradecurri2_.cdgrd as cdgrd70_1_,
        gradecurri2_.dsgrd as dsgrd70_1_,
        gradecurri2_.fkhab as fkhab70_1_,
        gradecurri2_.obgrd as obgrd70_1_ 
    from
        dis disciplina0_ 
    left outer join
        dis_ds disciplina0_1_ 
            on disciplina0_.cddis=disciplina0_1_.fkdis 
    inner join
        eteab01.mdl modulo1_ 
            on disciplina0_.fkmdl=modulo1_.cdmdl 
    left outer join
        eteab01.grd gradecurri2_ 
            on modulo1_.fkgrd=gradecurri2_.cdgrd 
    where
        disciplina0_.cddis=?
2013-Jun-27 09:13:49,399 [AWT-EventQueue-0] org.hibernate.SQL 
  DEBUG 
    select
        disciplina0_.cddis as cddis67_2_,
        disciplina0_.csdis as csdis67_2_,
        disciplina0_.fkmdl as fkmdl67_2_,
        disciplina0_.nmdis as nmdis67_2_,
        disciplina0_.sgdis as sgdis67_2_,
        disciplina0_1_.csdivdis as csdivdis68_2_,
        modulo1_.cdmdl as cdmdl71_0_,
        modulo1_.fkgrd as fkgrd71_0_,
        modulo1_.sqmdl as sqmdl71_0_,
        gradecurri2_.cdgrd as cdgrd70_1_,
        gradecurri2_.dsgrd as dsgrd70_1_,
        gradecurri2_.fkhab as fkhab70_1_,
        gradecurri2_.obgrd as obgrd70_1_ 
    from
        dis disciplina0_ 
    left outer join
        dis_ds disciplina0_1_ 
            on disciplina0_.cddis=disciplina0_1_.fkdis 
    inner join
        eteab01.mdl modulo1_ 
            on disciplina0_.fkmdl=modulo1_.cdmdl 
    left outer join
        eteab01.grd gradecurri2_ 
            on modulo1_.fkgrd=gradecurri2_.cdgrd 
    where
        disciplina0_.cddis=?
2013-Jun-27 09:13:49,467 [AWT-EventQueue-0] org.hibernate.SQL 
  DEBUG 
    select
        disciplina0_.cddis as cddis67_2_,
        disciplina0_.csdis as csdis67_2_,
        disciplina0_.fkmdl as fkmdl67_2_,
        disciplina0_.nmdis as nmdis67_2_,
        disciplina0_.sgdis as sgdis67_2_,
        disciplina0_1_.csdivdis as csdivdis68_2_,
        modulo1_.cdmdl as cdmdl71_0_,
        modulo1_.fkgrd as fkgrd71_0_,
        modulo1_.sqmdl as sqmdl71_0_,
        gradecurri2_.cdgrd as cdgrd70_1_,
        gradecurri2_.dsgrd as dsgrd70_1_,
        gradecurri2_.fkhab as fkhab70_1_,
        gradecurri2_.obgrd as obgrd70_1_ 
    from
        dis disciplina0_ 
    left outer join
        dis_ds disciplina0_1_ 
            on disciplina0_.cddis=disciplina0_1_.fkdis 
    inner join
        eteab01.mdl modulo1_ 
            on disciplina0_.fkmdl=modulo1_.cdmdl 
    left outer join
        eteab01.grd gradecurri2_ 
            on modulo1_.fkgrd=gradecurri2_.cdgrd 
    where
        disciplina0_.cddis=?
2013-Jun-27 09:13:49,470 [AWT-EventQueue-0] org.hibernate.SQL 
  DEBUG 
    select
        disciplina0_.cddis as cddis67_2_,
        disciplina0_.csdis as csdis67_2_,
        disciplina0_.fkmdl as fkmdl67_2_,
        disciplina0_.nmdis as nmdis67_2_,
        disciplina0_.sgdis as sgdis67_2_,
        disciplina0_1_.csdivdis as csdivdis68_2_,
        modulo1_.cdmdl as cdmdl71_0_,
        modulo1_.fkgrd as fkgrd71_0_,
        modulo1_.sqmdl as sqmdl71_0_,
        gradecurri2_.cdgrd as cdgrd70_1_,
        gradecurri2_.dsgrd as dsgrd70_1_,
        gradecurri2_.fkhab as fkhab70_1_,
        gradecurri2_.obgrd as obgrd70_1_ 
    from
        dis disciplina0_ 
    left outer join
        dis_ds disciplina0_1_ 
            on disciplina0_.cddis=disciplina0_1_.fkdis 
    inner join
        eteab01.mdl modulo1_ 
            on disciplina0_.fkmdl=modulo1_.cdmdl 
    left outer join
        eteab01.grd gradecurri2_ 
            on modulo1_.fkgrd=gradecurri2_.cdgrd 
    where
        disciplina0_.cddis=?
2013-Jun-27 09:13:49,504 [AWT-EventQueue-0] org.hibernate.SQL 
  DEBUG 
    select
        disciplina0_.cddis as cddis67_2_,
        disciplina0_.csdis as csdis67_2_,
        disciplina0_.fkmdl as fkmdl67_2_,
        disciplina0_.nmdis as nmdis67_2_,
        disciplina0_.sgdis as sgdis67_2_,
        disciplina0_1_.csdivdis as csdivdis68_2_,
        modulo1_.cdmdl as cdmdl71_0_,
        modulo1_.fkgrd as fkgrd71_0_,
        modulo1_.sqmdl as sqmdl71_0_,
        gradecurri2_.cdgrd as cdgrd70_1_,
        gradecurri2_.dsgrd as dsgrd70_1_,
        gradecurri2_.fkhab as fkhab70_1_,
        gradecurri2_.obgrd as obgrd70_1_ 
    from
        dis disciplina0_ 
    left outer join
        dis_ds disciplina0_1_ 
            on disciplina0_.cddis=disciplina0_1_.fkdis 
    inner join
        eteab01.mdl modulo1_ 
            on disciplina0_.fkmdl=modulo1_.cdmdl 
    left outer join
        eteab01.grd gradecurri2_ 
            on modulo1_.fkgrd=gradecurri2_.cdgrd 
    where
        disciplina0_.cddis=?
2013-Jun-27 09:13:49,507 [AWT-EventQueue-0] org.hibernate.SQL 
  DEBUG 
    select
        disciplina0_.cddis as cddis67_2_,
        disciplina0_.csdis as csdis67_2_,
        disciplina0_.fkmdl as fkmdl67_2_,
        disciplina0_.nmdis as nmdis67_2_,
        disciplina0_.sgdis as sgdis67_2_,
        disciplina0_1_.csdivdis as csdivdis68_2_,
        modulo1_.cdmdl as cdmdl71_0_,
        modulo1_.fkgrd as fkgrd71_0_,
        modulo1_.sqmdl as sqmdl71_0_,
        gradecurri2_.cdgrd as cdgrd70_1_,
        gradecurri2_.dsgrd as dsgrd70_1_,
        gradecurri2_.fkhab as fkhab70_1_,
        gradecurri2_.obgrd as obgrd70_1_ 
    from
        dis disciplina0_ 
    left outer join
        dis_ds disciplina0_1_ 
            on disciplina0_.cddis=disciplina0_1_.fkdis 
    inner join
        eteab01.mdl modulo1_ 
            on disciplina0_.fkmdl=modulo1_.cdmdl 
    left outer join
        eteab01.grd gradecurri2_ 
            on modulo1_.fkgrd=gradecurri2_.cdgrd 
    where
        disciplina0_.cddis=?
2013-Jun-27 09:13:49,510 [AWT-EventQueue-0] org.hibernate.SQL 
  DEBUG 
    select
        disciplina0_.cddis as cddis67_2_,
        disciplina0_.csdis as csdis67_2_,
        disciplina0_.fkmdl as fkmdl67_2_,
        disciplina0_.nmdis as nmdis67_2_,
        disciplina0_.sgdis as sgdis67_2_,
        disciplina0_1_.csdivdis as csdivdis68_2_,
        modulo1_.cdmdl as cdmdl71_0_,
        modulo1_.fkgrd as fkgrd71_0_,
        modulo1_.sqmdl as sqmdl71_0_,
        gradecurri2_.cdgrd as cdgrd70_1_,
        gradecurri2_.dsgrd as dsgrd70_1_,
        gradecurri2_.fkhab as fkhab70_1_,
        gradecurri2_.obgrd as obgrd70_1_ 
    from
        dis disciplina0_ 
    left outer join
        dis_ds disciplina0_1_ 
            on disciplina0_.cddis=disciplina0_1_.fkdis 
    inner join
        eteab01.mdl modulo1_ 
            on disciplina0_.fkmdl=modulo1_.cdmdl 
    left outer join
        eteab01.grd gradecurri2_ 
            on modulo1_.fkgrd=gradecurri2_.cdgrd 
    where
        disciplina0_.cddis=?
