2013-Jul-01 22:20:02,216 [AWT-EventQueue-0] org.hibernate.annotations.common.Version 
  INFO  HCANN000001: Hibernate Commons Annotations {4.0.1.Final}
2013-Jul-01 22:20:02,229 [AWT-EventQueue-0] org.hibernate.Version 
  INFO  HHH000412: Hibernate Core {4.1.6.Final}
2013-Jul-01 22:20:02,233 [AWT-EventQueue-0] org.hibernate.cfg.Environment 
  INFO  HHH000206: hibernate.properties not found
2013-Jul-01 22:20:02,242 [AWT-EventQueue-0] org.hibernate.cfg.Environment 
  INFO  HHH000021: Bytecode provider name : javassist
2013-Jul-01 22:20:02,280 [AWT-EventQueue-0] org.hibernate.ejb.Ejb3Configuration 
  INFO  HHH000204: Processing PersistenceUnitInfo [
	name: eteab01PU
	...]
2013-Jul-01 22:20:03,119 [AWT-EventQueue-0] org.hibernate.service.jdbc.connections.internal.ConnectionProviderInitiator 
  INFO  HHH000130: Instantiating explicit connection provider: org.hibernate.ejb.connection.InjectedDataSourceConnectionProvider
2013-Jul-01 22:20:03,565 [AWT-EventQueue-0] org.hibernate.dialect.Dialect 
  INFO  HHH000400: Using dialect: org.hibernate.dialect.MySQLDialect
2013-Jul-01 22:20:03,590 [AWT-EventQueue-0] org.hibernate.engine.transaction.internal.TransactionFactoryInitiator 
  INFO  HHH000268: Transaction strategy: org.hibernate.engine.transaction.internal.jdbc.JdbcTransactionFactory
2013-Jul-01 22:20:03,596 [AWT-EventQueue-0] org.hibernate.hql.internal.ast.ASTQueryTranslatorFactory 
  INFO  HHH000397: Using ASTQueryTranslatorFactory
2013-Jul-01 22:20:03,651 [AWT-EventQueue-0] org.hibernate.validator.internal.util.Version 
  INFO  HV000001: Hibernate Validator 4.3.1.Final
2013-Jul-01 22:20:07,417 [AWT-EventQueue-0] org.hibernate.ejb.Ejb3Configuration 
  INFO  HHH000204: Processing PersistenceUnitInfo [
	name: etecabPU
	...]
2013-Jul-01 22:20:07,807 [AWT-EventQueue-0] org.hibernate.service.jdbc.connections.internal.ConnectionProviderInitiator 
  INFO  HHH000130: Instantiating explicit connection provider: org.hibernate.ejb.connection.InjectedDataSourceConnectionProvider
2013-Jul-01 22:20:08,599 [AWT-EventQueue-0] org.hibernate.dialect.Dialect 
  INFO  HHH000400: Using dialect: org.hibernate.dialect.MySQLDialect
2013-Jul-01 22:20:08,600 [AWT-EventQueue-0] org.hibernate.engine.transaction.internal.TransactionFactoryInitiator 
  INFO  HHH000268: Transaction strategy: org.hibernate.engine.transaction.internal.jdbc.JdbcTransactionFactory
2013-Jul-01 22:20:08,600 [AWT-EventQueue-0] org.hibernate.hql.internal.ast.ASTQueryTranslatorFactory 
  INFO  HHH000397: Using ASTQueryTranslatorFactory
2013-Jul-01 22:20:09,092 [AWT-EventQueue-0] org.hibernate.service.jdbc.connections.internal.DriverManagerConnectionProviderImpl 
  INFO  HHH000402: Using Hibernate built-in connection pool (not for production use!)
2013-Jul-01 22:20:09,093 [AWT-EventQueue-0] org.hibernate.service.jdbc.connections.internal.DriverManagerConnectionProviderImpl 
  INFO  HHH000115: Hibernate connection pool size: 20
2013-Jul-01 22:20:09,093 [AWT-EventQueue-0] org.hibernate.service.jdbc.connections.internal.DriverManagerConnectionProviderImpl 
  INFO  HHH000006: Autocommit mode: true
2013-Jul-01 22:20:09,093 [AWT-EventQueue-0] org.hibernate.service.jdbc.connections.internal.DriverManagerConnectionProviderImpl 
  INFO  HHH000401: using driver [com.mysql.jdbc.Driver] at URL [jdbc:mysql://mysql.eteab.com.br:3306/eteab01]
2013-Jul-01 22:20:09,094 [AWT-EventQueue-0] org.hibernate.service.jdbc.connections.internal.DriverManagerConnectionProviderImpl 
  INFO  HHH000046: Connection properties: {user=eteab01, password=****, autocommit=true, release_mode=auto}
2013-Jul-01 22:20:09,558 [AWT-EventQueue-0] org.hibernate.dialect.Dialect 
  INFO  HHH000400: Using dialect: org.hibernate.dialect.MySQLDialect
2013-Jul-01 22:20:09,558 [AWT-EventQueue-0] org.hibernate.engine.transaction.internal.TransactionFactoryInitiator 
  INFO  HHH000268: Transaction strategy: org.hibernate.engine.transaction.internal.jdbc.JdbcTransactionFactory
2013-Jul-01 22:20:09,559 [AWT-EventQueue-0] org.hibernate.hql.internal.ast.ASTQueryTranslatorFactory 
  INFO  HHH000397: Using ASTQueryTranslatorFactory
2013-Jul-01 22:20:09,650 [AWT-EventQueue-0] org.hibernate.ejb.internal.EntityManagerFactoryRegistry 
  WARN  HHH000436: Entity manager factory name (eteab01PU) is already registered.  If entity manager will be clustered or passivated, specify a unique value for property 'hibernate.ejb.entitymanager_factory_name'
2013-Jul-01 22:20:09,897 [AWT-EventQueue-0] org.hibernate.SQL 
  DEBUG 
    select
        periodolet0_.cdplv as cdplv69_,
        periodolet0_.yrplv as yrplv69_,
        periodolet0_.dtfimplv as dtfimplv69_,
        periodolet0_.dtinicioplv as dtinicio4_69_,
        periodolet0_.smplv as smplv69_,
        periodolet0_.stplv as stplv69_ 
    from
        eteab01.plv periodolet0_ 
    where
        periodolet0_.stplv=?
2013-Jul-01 22:20:10,011 [AWT-EventQueue-0] org.hibernate.SQL 
  DEBUG 
    select
        turmalist0_.fkplv as fkplv69_4_,
        turmalist0_.cdtur as cdtur4_,
        turmalist0_.cdtur as cdtur66_3_,
        turmalist0_.fkrepalu as fkrepalu66_3_,
        turmalist0_.fkmdl as fkmdl66_3_,
        turmalist0_.fkper as fkper66_3_,
        turmalist0_.fkplv as fkplv66_3_,
        turmalist0_.sgtur as sgtur66_3_,
        modulo1_.cdmdl as cdmdl71_0_,
        modulo1_.fkgrd as fkgrd71_0_,
        modulo1_.sqmdl as sqmdl71_0_,
        gradecurri2_.cdgrd as cdgrd70_1_,
        gradecurri2_.dsgrd as dsgrd70_1_,
        gradecurri2_.fkhab as fkhab70_1_,
        gradecurri2_.obgrd as obgrd70_1_,
        periodo3_.idper as idper64_2_,
        periodo3_.nmper as nmper64_2_ 
    from
        eteab01.tur turmalist0_ 
    inner join
        eteab01.mdl modulo1_ 
            on turmalist0_.fkmdl=modulo1_.cdmdl 
    left outer join
        eteab01.grd gradecurri2_ 
            on modulo1_.fkgrd=gradecurri2_.cdgrd 
    inner join
        eteab01.per periodo3_ 
            on turmalist0_.fkper=periodo3_.idper 
    where
        turmalist0_.fkplv=?
2013-Jul-01 22:20:10,061 [AWT-EventQueue-0] org.hibernate.SQL 
  DEBUG 
    select
        turmalist0_.fkplv as fkplv69_4_,
        turmalist0_.cdtur as cdtur4_,
        turmalist0_.cdtur as cdtur66_3_,
        turmalist0_.fkrepalu as fkrepalu66_3_,
        turmalist0_.fkmdl as fkmdl66_3_,
        turmalist0_.fkper as fkper66_3_,
        turmalist0_.fkplv as fkplv66_3_,
        turmalist0_.sgtur as sgtur66_3_,
        modulo1_.cdmdl as cdmdl71_0_,
        modulo1_.fkgrd as fkgrd71_0_,
        modulo1_.sqmdl as sqmdl71_0_,
        gradecurri2_.cdgrd as cdgrd70_1_,
        gradecurri2_.dsgrd as dsgrd70_1_,
        gradecurri2_.fkhab as fkhab70_1_,
        gradecurri2_.obgrd as obgrd70_1_,
        periodo3_.idper as idper64_2_,
        periodo3_.nmper as nmper64_2_ 
    from
        eteab01.tur turmalist0_ 
    inner join
        eteab01.mdl modulo1_ 
            on turmalist0_.fkmdl=modulo1_.cdmdl 
    left outer join
        eteab01.grd gradecurri2_ 
            on modulo1_.fkgrd=gradecurri2_.cdgrd 
    inner join
        eteab01.per periodo3_ 
            on turmalist0_.fkper=periodo3_.idper 
    where
        turmalist0_.fkplv=?
2013-Jul-01 22:20:10,130 [AWT-EventQueue-0] org.hibernate.SQL 
  DEBUG 
    select
        habilitaca0_.idhab as idhab63_0_,
        habilitaca0_.dshab as dshab63_0_,
        habilitaca0_.nmhab as nmhab63_0_ 
    from
        eteab01.hab habilitaca0_ 
    where
        habilitaca0_.idhab=?
2013-Jul-01 22:20:10,167 [AWT-EventQueue-0] org.hibernate.SQL 
  DEBUG 
    select
        habilitaca0_.idhab as idhab63_0_,
        habilitaca0_.dshab as dshab63_0_,
        habilitaca0_.nmhab as nmhab63_0_ 
    from
        eteab01.hab habilitaca0_ 
    where
        habilitaca0_.idhab=?
2013-Jul-01 22:20:10,204 [AWT-EventQueue-0] org.hibernate.SQL 
  DEBUG 
    select
        habilitaca0_.idhab as idhab63_0_,
        habilitaca0_.dshab as dshab63_0_,
        habilitaca0_.nmhab as nmhab63_0_ 
    from
        eteab01.hab habilitaca0_ 
    where
        habilitaca0_.idhab=?
2013-Jul-01 22:20:10,246 [AWT-EventQueue-0] org.hibernate.SQL 
  DEBUG 
    select
        habilitaca0_.idhab as idhab63_0_,
        habilitaca0_.dshab as dshab63_0_,
        habilitaca0_.nmhab as nmhab63_0_ 
    from
        eteab01.hab habilitaca0_ 
    where
        habilitaca0_.idhab=?
2013-Jul-01 22:20:10,284 [AWT-EventQueue-0] org.hibernate.SQL 
  DEBUG 
    select
        habilitaca0_.idhab as idhab63_0_,
        habilitaca0_.dshab as dshab63_0_,
        habilitaca0_.nmhab as nmhab63_0_ 
    from
        eteab01.hab habilitaca0_ 
    where
        habilitaca0_.idhab=?
2013-Jul-01 22:20:10,322 [AWT-EventQueue-0] org.hibernate.SQL 
  DEBUG 
    select
        habilitaca0_.idhab as idhab63_0_,
        habilitaca0_.dshab as dshab63_0_,
        habilitaca0_.nmhab as nmhab63_0_ 
    from
        eteab01.hab habilitaca0_ 
    where
        habilitaca0_.idhab=?
2013-Jul-01 22:20:10,356 [AWT-EventQueue-0] org.hibernate.SQL 
  DEBUG 
    select
        habilitaca0_.idhab as idhab63_0_,
        habilitaca0_.dshab as dshab63_0_,
        habilitaca0_.nmhab as nmhab63_0_ 
    from
        eteab01.hab habilitaca0_ 
    where
        habilitaca0_.idhab=?
2013-Jul-01 22:20:10,393 [AWT-EventQueue-0] org.hibernate.SQL 
  DEBUG 
    select
        turmalist0_.fkplv as fkplv69_4_,
        turmalist0_.cdtur as cdtur4_,
        turmalist0_.cdtur as cdtur66_3_,
        turmalist0_.fkrepalu as fkrepalu66_3_,
        turmalist0_.fkmdl as fkmdl66_3_,
        turmalist0_.fkper as fkper66_3_,
        turmalist0_.fkplv as fkplv66_3_,
        turmalist0_.sgtur as sgtur66_3_,
        modulo1_.cdmdl as cdmdl71_0_,
        modulo1_.fkgrd as fkgrd71_0_,
        modulo1_.sqmdl as sqmdl71_0_,
        gradecurri2_.cdgrd as cdgrd70_1_,
        gradecurri2_.dsgrd as dsgrd70_1_,
        gradecurri2_.fkhab as fkhab70_1_,
        gradecurri2_.obgrd as obgrd70_1_,
        periodo3_.idper as idper64_2_,
        periodo3_.nmper as nmper64_2_ 
    from
        eteab01.tur turmalist0_ 
    inner join
        eteab01.mdl modulo1_ 
            on turmalist0_.fkmdl=modulo1_.cdmdl 
    left outer join
        eteab01.grd gradecurri2_ 
            on modulo1_.fkgrd=gradecurri2_.cdgrd 
    inner join
        eteab01.per periodo3_ 
            on turmalist0_.fkper=periodo3_.idper 
    where
        turmalist0_.fkplv=?
2013-Jul-01 22:20:10,439 [AWT-EventQueue-0] org.hibernate.SQL 
  DEBUG 
    select
        habilitaca0_.idhab as idhab63_0_,
        habilitaca0_.dshab as dshab63_0_,
        habilitaca0_.nmhab as nmhab63_0_ 
    from
        eteab01.hab habilitaca0_ 
    where
        habilitaca0_.idhab=?
2013-Jul-01 22:20:10,925 [AWT-EventQueue-0] org.hibernate.SQL 
  DEBUG 
    select
        professor0_.cdprf as cdprf61_,
        professor0_.pfprf as pfprf61_,
        professor0_.mtprf as mtprf61_,
        professor0_.nmprf as nmprf61_,
        professor0_1_.fkcatds as fkcatds62_,
        professor0_1_.rgprfds as rgprfds62_,
        professor0_1_.fktpcds as fktpcds62_ 
    from
        prf professor0_ 
    left outer join
        prf_ds professor0_1_ 
            on professor0_.cdprf=professor0_1_.fkprf 
    order by
        professor0_.nmprf asc
2013-Jul-01 22:20:10,990 [AWT-EventQueue-0] org.hibernate.SQL 
  DEBUG 
    select
        professor0_.cdprf as cdprf61_,
        professor0_.pfprf as pfprf61_,
        professor0_.mtprf as mtprf61_,
        professor0_.nmprf as nmprf61_,
        professor0_1_.fkcatds as fkcatds62_,
        professor0_1_.rgprfds as rgprfds62_,
        professor0_1_.fktpcds as fktpcds62_ 
    from
        prf professor0_ 
    left outer join
        prf_ds professor0_1_ 
            on professor0_.cdprf=professor0_1_.fkprf 
    order by
        professor0_.nmprf asc
2013-Jul-01 22:20:12,004 [AWT-EventQueue-0] org.hibernate.SQL 
  DEBUG 
    select
        count(categoriap0_.cdcat) as col_0_0_ 
    from
        cat_ds categoriap0_ limit ?
2013-Jul-01 22:20:12,051 [AWT-EventQueue-0] org.hibernate.SQL 
  DEBUG 
    select
        categoriap0_.cdcat as cdcat58_,
        categoriap0_.nmcat as nmcat58_ 
    from
        cat_ds categoriap0_
2013-Jul-01 22:20:12,264 [AWT-EventQueue-0] org.hibernate.SQL 
  DEBUG 
    select
        categoriap0_.cdcat as cdcat58_,
        categoriap0_.nmcat as nmcat58_ 
    from
        cat_ds categoriap0_ limit ?
2013-Jul-01 22:20:14,207 [AWT-EventQueue-0] org.hibernate.SQL 
  DEBUG 
    select
        count(professor0_.cdprf) as col_0_0_ 
    from
        prf professor0_ 
    left outer join
        prf_ds professor0_1_ 
            on professor0_.cdprf=professor0_1_.fkprf limit ?
2013-Jul-01 22:20:14,244 [AWT-EventQueue-0] org.hibernate.SQL 
  DEBUG 
    select
        categoriap0_.cdcat as cdcat58_,
        categoriap0_.nmcat as nmcat58_ 
    from
        cat_ds categoriap0_
2013-Jul-01 22:20:14,284 [AWT-EventQueue-0] org.hibernate.SQL 
  DEBUG 
    select
        tipocontra0_.idtpc as idtpc65_,
        tipocontra0_.nmtpc as nmtpc65_ 
    from
        tpc_ds tipocontra0_
2013-Jul-01 22:20:14,332 [AWT-EventQueue-0] org.hibernate.SQL 
  DEBUG 
    select
        professor0_.cdprf as cdprf61_,
        professor0_.pfprf as pfprf61_,
        professor0_.mtprf as mtprf61_,
        professor0_.nmprf as nmprf61_,
        professor0_1_.fkcatds as fkcatds62_,
        professor0_1_.rgprfds as rgprfds62_,
        professor0_1_.fktpcds as fktpcds62_ 
    from
        prf professor0_ 
    left outer join
        prf_ds professor0_1_ 
            on professor0_.cdprf=professor0_1_.fkprf 
    order by
        professor0_.nmprf asc
2013-Jul-01 22:20:14,389 [AWT-EventQueue-0] org.hibernate.SQL 
  DEBUG 
    select
        professor0_.cdprf as cdprf61_,
        professor0_.pfprf as pfprf61_,
        professor0_.mtprf as mtprf61_,
        professor0_.nmprf as nmprf61_,
        professor0_1_.fkcatds as fkcatds62_,
        professor0_1_.rgprfds as rgprfds62_,
        professor0_1_.fktpcds as fktpcds62_ 
    from
        prf professor0_ 
    left outer join
        prf_ds professor0_1_ 
            on professor0_.cdprf=professor0_1_.fkprf 
    order by
        professor0_.nmprf asc
2013-Jul-01 22:20:14,481 [AWT-EventQueue-0] org.hibernate.SQL 
  DEBUG 
    select
        professor0_.cdprf as cdprf61_,
        professor0_.pfprf as pfprf61_,
        professor0_.mtprf as mtprf61_,
        professor0_.nmprf as nmprf61_,
        professor0_1_.fkcatds as fkcatds62_,
        professor0_1_.rgprfds as rgprfds62_,
        professor0_1_.fktpcds as fktpcds62_ 
    from
        prf professor0_ 
    left outer join
        prf_ds professor0_1_ 
            on professor0_.cdprf=professor0_1_.fkprf 
    order by
        professor0_.nmprf asc limit ?
2013-Jul-01 22:20:15,132 [AWT-EventQueue-0] org.hibernate.SQL 
  DEBUG 
    select
        count(tipocontra0_.idtpc) as col_0_0_ 
    from
        tpc_ds tipocontra0_ limit ?
2013-Jul-01 22:20:15,170 [AWT-EventQueue-0] org.hibernate.SQL 
  DEBUG 
    select
        tipocontra0_.idtpc as idtpc65_,
        tipocontra0_.nmtpc as nmtpc65_ 
    from
        tpc_ds tipocontra0_
2013-Jul-01 22:20:15,260 [AWT-EventQueue-0] org.hibernate.SQL 
  DEBUG 
    select
        tipocontra0_.idtpc as idtpc65_,
        tipocontra0_.nmtpc as nmtpc65_ 
    from
        tpc_ds tipocontra0_ limit ?
2013-Jul-01 22:20:15,781 [AWT-EventQueue-0] br.com.etec.controller.AbstractController 
  DEBUG Registrando action: br.com.etec.controller.MainController$1 para o botão: Atribuição de Aulas
2013-Jul-01 22:20:15,781 [AWT-EventQueue-0] br.com.etec.controller.AbstractController 
  DEBUG Registrando action: br.com.etec.controller.MainController$2 para o botão: Professor
2013-Jul-01 22:20:15,781 [AWT-EventQueue-0] br.com.etec.controller.AbstractController 
  DEBUG Registrando action: br.com.etec.controller.MainController$3 para o botão: Categoria Funcional
2013-Jul-01 22:20:15,781 [AWT-EventQueue-0] br.com.etec.controller.AbstractController 
  DEBUG Registrando action: br.com.etec.controller.MainController$4 para o botão: Tipo de Contrato
2013-Jul-01 22:20:15,782 [AWT-EventQueue-0] br.com.etec.controller.AbstractController 
  DEBUG Registrando action: br.com.etec.controller.LoginController$1 para o botão: Ok
2013-Jul-01 22:20:15,782 [AWT-EventQueue-0] br.com.etec.controller.AbstractController 
  DEBUG Registrando action: br.com.etec.controller.LoginController$2 para o botão: Cancelar
2013-Jul-01 22:20:21,980 [AWT-EventQueue-0] br.com.etec.controller.AbstractController 
  DEBUG Executando action: class br.com.etec.controller.LoginController$1
2013-Jul-01 22:20:22,083 [AWT-EventQueue-0] org.hibernate.SQL 
  DEBUG 
    select
        count(*) as col_0_0_ 
    from
        acesso login0_ 
    where
        login0_.nmusuario=? 
        and login0_.nmsenha=? limit ?
2013-Jul-01 22:20:22,757 [AWT-EventQueue-0] br.com.etec.controller.LoginController 
  INFO  Acesso do usuário: admin
2013-Jul-01 22:20:22,774 [AWT-EventQueue-0] org.hibernate.SQL 
  DEBUG 
    select
        count(tipoatribu0_.idtat) as col_0_0_ 
    from
        tat tipoatribu0_ limit ?
2013-Jul-01 22:20:22,856 [AWT-EventQueue-0] org.hibernate.SQL 
  DEBUG 
    select
        tipoatribu0_.idtat as idtat72_,
        tipoatribu0_.nmtat as nmtat72_ 
    from
        tat tipoatribu0_ limit ?
2013-Jul-01 22:20:24,395 [AWT-EventQueue-0] br.com.etec.controller.AbstractController 
  DEBUG Executando action: class br.com.etec.controller.MainController$1
