2013-Jul-15 17:40:01,249 [AWT-EventQueue-0] org.hibernate.service.jdbc.connections.internal.DriverManagerConnectionProviderImpl 
  INFO  HHH000402: Using Hibernate built-in connection pool (not for production use!)
2013-Jul-15 17:40:01,283 [AWT-EventQueue-0] org.hibernate.service.jdbc.connections.internal.DriverManagerConnectionProviderImpl 
  INFO  HHH000115: Hibernate connection pool size: 20
2013-Jul-15 17:40:01,283 [AWT-EventQueue-0] org.hibernate.service.jdbc.connections.internal.DriverManagerConnectionProviderImpl 
  INFO  HHH000006: Autocommit mode: true
2013-Jul-15 17:40:01,284 [AWT-EventQueue-0] org.hibernate.service.jdbc.connections.internal.DriverManagerConnectionProviderImpl 
  INFO  HHH000401: using driver [com.mysql.jdbc.Driver] at URL [jdbc:mysql://localhost:3307/eteab01]
2013-Jul-15 17:40:01,284 [AWT-EventQueue-0] org.hibernate.service.jdbc.connections.internal.DriverManagerConnectionProviderImpl 
  INFO  HHH000046: Connection properties: {user=eteab01, password=****, autocommit=true, release_mode=auto}
2013-Jul-15 17:40:01,313 [AWT-EventQueue-0] org.hibernate.dialect.Dialect 
  INFO  HHH000400: Using dialect: org.hibernate.dialect.MySQLDialect
2013-Jul-15 17:40:01,314 [AWT-EventQueue-0] org.hibernate.engine.transaction.internal.TransactionFactoryInitiator 
  INFO  HHH000268: Transaction strategy: org.hibernate.engine.transaction.internal.jdbc.JdbcTransactionFactory
2013-Jul-15 17:40:01,314 [AWT-EventQueue-0] org.hibernate.hql.internal.ast.ASTQueryTranslatorFactory 
  INFO  HHH000397: Using ASTQueryTranslatorFactory
2013-Jul-15 17:40:01,448 [AWT-EventQueue-0] org.hibernate.ejb.internal.EntityManagerFactoryRegistry 
  WARN  HHH000436: Entity manager factory name (eteab01PU) is already registered.  If entity manager will be clustered or passivated, specify a unique value for property 'hibernate.ejb.entitymanager_factory_name'
2013-Jul-15 17:40:01,650 [AWT-EventQueue-0] org.hibernate.SQL 
  DEBUG 
    select
        periodolet0_.cdplv as cdplv69_,
        periodolet0_.yrplv as yrplv69_,
        periodolet0_.dtfimplv as dtfimplv69_,
        periodolet0_.dtinicioplv as dtinicio4_69_,
        periodolet0_.smplv as smplv69_,
        periodolet0_.stplv as stplv69_ 
    from
        eteab01.plv periodolet0_ 
    where
        periodolet0_.stplv=?
2013-Jul-15 17:40:01,723 [AWT-EventQueue-0] org.hibernate.SQL 
  DEBUG 
    select
        turmalist0_.fkplv as fkplv69_4_,
        turmalist0_.cdtur as cdtur4_,
        turmalist0_.cdtur as cdtur66_3_,
        turmalist0_.fkrepalu as fkrepalu66_3_,
        turmalist0_.fkmdl as fkmdl66_3_,
        turmalist0_.fkper as fkper66_3_,
        turmalist0_.fkplv as fkplv66_3_,
        turmalist0_.sgtur as sgtur66_3_,
        modulo1_.cdmdl as cdmdl71_0_,
        modulo1_.fkgrd as fkgrd71_0_,
        modulo1_.sqmdl as sqmdl71_0_,
        gradecurri2_.cdgrd as cdgrd70_1_,
        gradecurri2_.dsgrd as dsgrd70_1_,
        gradecurri2_.fkhab as fkhab70_1_,
        gradecurri2_.obgrd as obgrd70_1_,
        periodo3_.idper as idper64_2_,
        periodo3_.nmper as nmper64_2_ 
    from
        eteab01.tur turmalist0_ 
    inner join
        eteab01.mdl modulo1_ 
            on turmalist0_.fkmdl=modulo1_.cdmdl 
    left outer join
        eteab01.grd gradecurri2_ 
            on modulo1_.fkgrd=gradecurri2_.cdgrd 
    inner join
        eteab01.per periodo3_ 
            on turmalist0_.fkper=periodo3_.idper 
    where
        turmalist0_.fkplv=?
2013-Jul-15 17:40:01,747 [AWT-EventQueue-0] org.hibernate.SQL 
  DEBUG 
    select
        habilitaca0_.idhab as idhab63_0_,
        habilitaca0_.dshab as dshab63_0_,
        habilitaca0_.nmhab as nmhab63_0_ 
    from
        eteab01.hab habilitaca0_ 
    where
        habilitaca0_.idhab=?
2013-Jul-15 17:40:01,750 [AWT-EventQueue-0] org.hibernate.SQL 
  DEBUG 
    select
        habilitaca0_.idhab as idhab63_0_,
        habilitaca0_.dshab as dshab63_0_,
        habilitaca0_.nmhab as nmhab63_0_ 
    from
        eteab01.hab habilitaca0_ 
    where
        habilitaca0_.idhab=?
2013-Jul-15 17:40:01,753 [AWT-EventQueue-0] org.hibernate.SQL 
  DEBUG 
    select
        habilitaca0_.idhab as idhab63_0_,
        habilitaca0_.dshab as dshab63_0_,
        habilitaca0_.nmhab as nmhab63_0_ 
    from
        eteab01.hab habilitaca0_ 
    where
        habilitaca0_.idhab=?
2013-Jul-15 17:40:01,756 [AWT-EventQueue-0] org.hibernate.SQL 
  DEBUG 
    select
        habilitaca0_.idhab as idhab63_0_,
        habilitaca0_.dshab as dshab63_0_,
        habilitaca0_.nmhab as nmhab63_0_ 
    from
        eteab01.hab habilitaca0_ 
    where
        habilitaca0_.idhab=?
2013-Jul-15 17:40:01,759 [AWT-EventQueue-0] org.hibernate.SQL 
  DEBUG 
    select
        habilitaca0_.idhab as idhab63_0_,
        habilitaca0_.dshab as dshab63_0_,
        habilitaca0_.nmhab as nmhab63_0_ 
    from
        eteab01.hab habilitaca0_ 
    where
        habilitaca0_.idhab=?
2013-Jul-15 17:40:01,762 [AWT-EventQueue-0] org.hibernate.SQL 
  DEBUG 
    select
        habilitaca0_.idhab as idhab63_0_,
        habilitaca0_.dshab as dshab63_0_,
        habilitaca0_.nmhab as nmhab63_0_ 
    from
        eteab01.hab habilitaca0_ 
    where
        habilitaca0_.idhab=?
2013-Jul-15 17:40:01,765 [AWT-EventQueue-0] org.hibernate.SQL 
  DEBUG 
    select
        habilitaca0_.idhab as idhab63_0_,
        habilitaca0_.dshab as dshab63_0_,
        habilitaca0_.nmhab as nmhab63_0_ 
    from
        eteab01.hab habilitaca0_ 
    where
        habilitaca0_.idhab=?
2013-Jul-15 17:40:01,770 [AWT-EventQueue-0] org.hibernate.SQL 
  DEBUG 
    select
        turmalist0_.fkplv as fkplv69_4_,
        turmalist0_.cdtur as cdtur4_,
        turmalist0_.cdtur as cdtur66_3_,
        turmalist0_.fkrepalu as fkrepalu66_3_,
        turmalist0_.fkmdl as fkmdl66_3_,
        turmalist0_.fkper as fkper66_3_,
        turmalist0_.fkplv as fkplv66_3_,
        turmalist0_.sgtur as sgtur66_3_,
        modulo1_.cdmdl as cdmdl71_0_,
        modulo1_.fkgrd as fkgrd71_0_,
        modulo1_.sqmdl as sqmdl71_0_,
        gradecurri2_.cdgrd as cdgrd70_1_,
        gradecurri2_.dsgrd as dsgrd70_1_,
        gradecurri2_.fkhab as fkhab70_1_,
        gradecurri2_.obgrd as obgrd70_1_,
        periodo3_.idper as idper64_2_,
        periodo3_.nmper as nmper64_2_ 
    from
        eteab01.tur turmalist0_ 
    inner join
        eteab01.mdl modulo1_ 
            on turmalist0_.fkmdl=modulo1_.cdmdl 
    left outer join
        eteab01.grd gradecurri2_ 
            on modulo1_.fkgrd=gradecurri2_.cdgrd 
    inner join
        eteab01.per periodo3_ 
            on turmalist0_.fkper=periodo3_.idper 
    where
        turmalist0_.fkplv=?
2013-Jul-15 17:40:01,777 [AWT-EventQueue-0] org.hibernate.SQL 
  DEBUG 
    select
        habilitaca0_.idhab as idhab63_0_,
        habilitaca0_.dshab as dshab63_0_,
        habilitaca0_.nmhab as nmhab63_0_ 
    from
        eteab01.hab habilitaca0_ 
    where
        habilitaca0_.idhab=?
2013-Jul-15 17:40:02,555 [AWT-EventQueue-0] org.hibernate.SQL 
  DEBUG 
    select
        professor0_.cdprf as cdprf61_,
        professor0_.pfprf as pfprf61_,
        professor0_.mtprf as mtprf61_,
        professor0_.nmprf as nmprf61_,
        professor0_1_.fkcatds as fkcatds62_,
        professor0_1_.rgprfds as rgprfds62_,
        professor0_1_.fktpcds as fktpcds62_ 
    from
        prf professor0_ 
    left outer join
        prf_ds professor0_1_ 
            on professor0_.cdprf=professor0_1_.fkprf 
    order by
        professor0_.nmprf asc
2013-Jul-15 17:40:02,581 [AWT-EventQueue-0] org.hibernate.SQL 
  DEBUG 
    select
        categoriap0_.cdcat as cdcat58_0_,
        categoriap0_.nmcat as nmcat58_0_ 
    from
        cat_ds categoriap0_ 
    where
        categoriap0_.cdcat=?
2013-Jul-15 17:40:02,585 [AWT-EventQueue-0] org.hibernate.SQL 
  DEBUG 
    select
        tipocontra0_.idtpc as idtpc65_0_,
        tipocontra0_.nmtpc as nmtpc65_0_ 
    from
        tpc_ds tipocontra0_ 
    where
        tipocontra0_.idtpc=?
2013-Jul-15 17:40:02,587 [AWT-EventQueue-0] org.hibernate.SQL 
  DEBUG 
    select
        categoriap0_.cdcat as cdcat58_0_,
        categoriap0_.nmcat as nmcat58_0_ 
    from
        cat_ds categoriap0_ 
    where
        categoriap0_.cdcat=?
2013-Jul-15 17:40:02,590 [AWT-EventQueue-0] org.hibernate.SQL 
  DEBUG 
    select
        tipocontra0_.idtpc as idtpc65_0_,
        tipocontra0_.nmtpc as nmtpc65_0_ 
    from
        tpc_ds tipocontra0_ 
    where
        tipocontra0_.idtpc=?
2013-Jul-15 17:40:02,594 [AWT-EventQueue-0] org.hibernate.SQL 
  DEBUG 
    select
        tipocontra0_.idtpc as idtpc65_0_,
        tipocontra0_.nmtpc as nmtpc65_0_ 
    from
        tpc_ds tipocontra0_ 
    where
        tipocontra0_.idtpc=?
2013-Jul-15 17:40:02,602 [AWT-EventQueue-0] org.hibernate.SQL 
  DEBUG 
    select
        professor0_.cdprf as cdprf61_,
        professor0_.pfprf as pfprf61_,
        professor0_.mtprf as mtprf61_,
        professor0_.nmprf as nmprf61_,
        professor0_1_.fkcatds as fkcatds62_,
        professor0_1_.rgprfds as rgprfds62_,
        professor0_1_.fktpcds as fktpcds62_ 
    from
        prf professor0_ 
    left outer join
        prf_ds professor0_1_ 
            on professor0_.cdprf=professor0_1_.fkprf 
    order by
        professor0_.nmprf asc
2013-Jul-15 17:40:04,620 [AWT-EventQueue-0] br.com.etec.controller.AbstractController 
  DEBUG Registrando action: br.com.etec.controller.PagingController$6 para o botão: |<<
2013-Jul-15 17:40:04,622 [AWT-EventQueue-0] br.com.etec.controller.AbstractController 
  DEBUG Registrando action: br.com.etec.controller.PagingController$7 para o botão: <
2013-Jul-15 17:40:04,622 [AWT-EventQueue-0] br.com.etec.controller.AbstractController 
  DEBUG Registrando action: br.com.etec.controller.PagingController$8 para o botão: >
2013-Jul-15 17:40:04,622 [AWT-EventQueue-0] br.com.etec.controller.AbstractController 
  DEBUG Registrando action: br.com.etec.controller.PagingController$9 para o botão: >>|
2013-Jul-15 17:40:04,622 [AWT-EventQueue-0] br.com.etec.controller.AbstractController 
  DEBUG Registrando action: br.com.etec.controller.PagingController$1 para o botão: Incluir
2013-Jul-15 17:40:04,623 [AWT-EventQueue-0] br.com.etec.controller.AbstractController 
  DEBUG Registrando action: br.com.etec.controller.PagingController$2 para o botão: Alterar
2013-Jul-15 17:40:04,623 [AWT-EventQueue-0] br.com.etec.controller.AbstractController 
  DEBUG Registrando action: br.com.etec.controller.PagingController$3 para o botão: Excluir
2013-Jul-15 17:40:04,623 [AWT-EventQueue-0] br.com.etec.controller.AbstractController 
  DEBUG Registrando action: br.com.etec.controller.PagingController$4 para o botão: Salvar
2013-Jul-15 17:40:04,623 [AWT-EventQueue-0] br.com.etec.controller.AbstractController 
  DEBUG Registrando action: br.com.etec.controller.PagingController$5 para o botão: Cancelar
2013-Jul-15 17:40:04,729 [AWT-EventQueue-0] org.hibernate.SQL 
  DEBUG 
    select
        count(*) as col_0_0_ 
    from
        cat_ds categoriap0_ limit ?
2013-Jul-15 17:40:04,735 [AWT-EventQueue-0] br.com.etec.service.CategoriaProfessorService$$EnhancerByCGLIB$$c6b9ca04 
  WARN  Não foi possível alterar o tamanho de página em 10  para br.com.etec.service.CategoriaProfessorService$$EnhancerByCGLIB$$c6b9ca04
2013-Jul-15 17:40:04,754 [AWT-EventQueue-0] org.hibernate.SQL 
  DEBUG 
    select
        count(*) as col_0_0_ 
    from
        cat_ds categoriap0_
2013-Jul-15 17:40:04,756 [AWT-EventQueue-0] org.hibernate.SQL 
  DEBUG 
    select
        categoriap0_.cdcat as cdcat40_,
        categoriap0_.nmcat as nmcat40_ 
    from
        cat_ds categoriap0_ limit ?
2013-Jul-15 17:40:05,962 [AWT-EventQueue-0] org.hibernate.SQL 
  DEBUG 
    select
        count(professor0_.cdprf) as col_0_0_ 
    from
        prf professor0_ 
    left outer join
        prf_ds professor0_1_ 
            on professor0_.cdprf=professor0_1_.fkprf limit ?
2013-Jul-15 17:40:05,968 [AWT-EventQueue-0] org.hibernate.SQL 
  DEBUG 
    select
        categoriap0_.cdcat as cdcat58_,
        categoriap0_.nmcat as nmcat58_ 
    from
        cat_ds categoriap0_
2013-Jul-15 17:40:05,977 [AWT-EventQueue-0] org.hibernate.SQL 
  DEBUG 
    select
        tipocontra0_.idtpc as idtpc65_,
        tipocontra0_.nmtpc as nmtpc65_ 
    from
        tpc_ds tipocontra0_
2013-Jul-15 17:40:05,999 [AWT-EventQueue-0] org.hibernate.SQL 
  DEBUG 
    select
        professor0_.cdprf as cdprf61_,
        professor0_.pfprf as pfprf61_,
        professor0_.mtprf as mtprf61_,
        professor0_.nmprf as nmprf61_,
        professor0_1_.fkcatds as fkcatds62_,
        professor0_1_.rgprfds as rgprfds62_,
        professor0_1_.fktpcds as fktpcds62_ 
    from
        prf professor0_ 
    left outer join
        prf_ds professor0_1_ 
            on professor0_.cdprf=professor0_1_.fkprf 
    order by
        professor0_.nmprf asc
2013-Jul-15 17:40:06,008 [AWT-EventQueue-0] org.hibernate.SQL 
  DEBUG 
    select
        professor0_.cdprf as cdprf61_,
        professor0_.pfprf as pfprf61_,
        professor0_.mtprf as mtprf61_,
        professor0_.nmprf as nmprf61_,
        professor0_1_.fkcatds as fkcatds62_,
        professor0_1_.rgprfds as rgprfds62_,
        professor0_1_.fktpcds as fktpcds62_ 
    from
        prf professor0_ 
    left outer join
        prf_ds professor0_1_ 
            on professor0_.cdprf=professor0_1_.fkprf 
    order by
        professor0_.nmprf asc
2013-Jul-15 17:40:06,078 [AWT-EventQueue-0] org.hibernate.SQL 
  DEBUG 
    select
        professor0_.cdprf as cdprf61_,
        professor0_.pfprf as pfprf61_,
        professor0_.mtprf as mtprf61_,
        professor0_.nmprf as nmprf61_,
        professor0_1_.fkcatds as fkcatds62_,
        professor0_1_.rgprfds as rgprfds62_,
        professor0_1_.fktpcds as fktpcds62_ 
    from
        prf professor0_ 
    left outer join
        prf_ds professor0_1_ 
            on professor0_.cdprf=professor0_1_.fkprf 
    order by
        professor0_.nmprf asc limit ?
2013-Jul-15 17:40:06,678 [AWT-EventQueue-0] org.hibernate.SQL 
  DEBUG 
    select
        count(tipocontra0_.idtpc) as col_0_0_ 
    from
        tpc_ds tipocontra0_ limit ?
2013-Jul-15 17:40:06,680 [AWT-EventQueue-0] org.hibernate.SQL 
  DEBUG 
    select
        tipocontra0_.idtpc as idtpc65_,
        tipocontra0_.nmtpc as nmtpc65_ 
    from
        tpc_ds tipocontra0_
2013-Jul-15 17:40:06,755 [AWT-EventQueue-0] org.hibernate.SQL 
  DEBUG 
    select
        tipocontra0_.idtpc as idtpc65_,
        tipocontra0_.nmtpc as nmtpc65_ 
    from
        tpc_ds tipocontra0_ limit ?
2013-Jul-15 17:40:07,226 [AWT-EventQueue-0] br.com.etec.controller.AbstractController 
  DEBUG Registrando action: br.com.etec.controller.MainController$1 para o botão: Atribuição de Aulas
2013-Jul-15 17:40:07,226 [AWT-EventQueue-0] br.com.etec.controller.AbstractController 
  DEBUG Registrando action: br.com.etec.controller.MainController$2 para o botão: Professor
2013-Jul-15 17:40:07,226 [AWT-EventQueue-0] br.com.etec.controller.AbstractController 
  DEBUG Registrando action: br.com.etec.controller.MainController$3 para o botão: Categoria Funcional
2013-Jul-15 17:40:07,227 [AWT-EventQueue-0] br.com.etec.controller.AbstractController 
  DEBUG Registrando action: br.com.etec.controller.MainController$4 para o botão: Tipo de Contrato
2013-Jul-15 17:40:07,227 [AWT-EventQueue-0] br.com.etec.controller.AbstractController 
  DEBUG Registrando action: br.com.etec.controller.LoginController$1 para o botão: Ok
2013-Jul-15 17:40:07,228 [AWT-EventQueue-0] br.com.etec.controller.AbstractController 
  DEBUG Registrando action: br.com.etec.controller.LoginController$2 para o botão: Cancelar
2013-Jul-15 17:40:21,506 [AWT-EventQueue-0] br.com.etec.controller.AbstractController 
  DEBUG Executando action: class br.com.etec.controller.LoginController$1
2013-Jul-15 17:40:21,580 [AWT-EventQueue-0] org.hibernate.SQL 
  DEBUG 
    select
        count(*) as col_0_0_ 
    from
        acesso login0_ 
    where
        login0_.nmusuario=? 
        and login0_.nmsenha=? limit ?
2013-Jul-15 17:40:22,099 [AWT-EventQueue-0] br.com.etec.controller.LoginController 
  INFO  Acesso do usuário: admin
2013-Jul-15 17:40:22,294 [AWT-EventQueue-0] org.hibernate.SQL 
  DEBUG 
    select
        count(categoriap0_.cdcat) as col_0_0_ 
    from
        cat_ds categoriap0_ limit ?
2013-Jul-15 17:40:22,652 [AWT-EventQueue-0] org.hibernate.SQL 
  DEBUG 
    select
        categoriap0_.cdcat as cdcat58_,
        categoriap0_.nmcat as nmcat58_ 
    from
        cat_ds categoriap0_
2013-Jul-15 17:40:22,758 [AWT-EventQueue-0] org.hibernate.SQL 
  DEBUG 
    select
        categoriap0_.cdcat as cdcat58_,
        categoriap0_.nmcat as nmcat58_ 
    from
        cat_ds categoriap0_ limit ?
2013-Jul-15 17:40:22,782 [AWT-EventQueue-0] org.hibernate.SQL 
  DEBUG 
    select
        count(tipoatribu0_.idtat) as col_0_0_ 
    from
        tat tipoatribu0_ limit ?
2013-Jul-15 17:40:22,819 [AWT-EventQueue-0] org.hibernate.SQL 
  DEBUG 
    select
        tipoatribu0_.idtat as idtat72_,
        tipoatribu0_.nmtat as nmtat72_ 
    from
        tat tipoatribu0_ limit ?
2013-Jul-15 17:40:24,554 [AWT-EventQueue-0] br.com.etec.controller.AbstractController 
  DEBUG Executando action: class br.com.etec.controller.MainController$3
