2013-Jul-01 22:05:39,939 [AWT-EventQueue-0] org.hibernate.annotations.common.Version 
  INFO  HCANN000001: Hibernate Commons Annotations {4.0.1.Final}
2013-Jul-01 22:05:39,953 [AWT-EventQueue-0] org.hibernate.Version 
  INFO  HHH000412: Hibernate Core {4.1.6.Final}
2013-Jul-01 22:05:39,956 [AWT-EventQueue-0] org.hibernate.cfg.Environment 
  INFO  HHH000206: hibernate.properties not found
2013-Jul-01 22:05:39,959 [AWT-EventQueue-0] org.hibernate.cfg.Environment 
  INFO  HHH000021: Bytecode provider name : javassist
2013-Jul-01 22:05:39,997 [AWT-EventQueue-0] org.hibernate.ejb.Ejb3Configuration 
  INFO  HHH000204: Processing PersistenceUnitInfo [
	name: eteab01PU
	...]
2013-Jul-01 22:05:40,657 [AWT-EventQueue-0] org.hibernate.service.jdbc.connections.internal.ConnectionProviderInitiator 
  INFO  HHH000130: Instantiating explicit connection provider: org.hibernate.ejb.connection.InjectedDataSourceConnectionProvider
2013-Jul-01 22:05:41,119 [AWT-EventQueue-0] org.hibernate.dialect.Dialect 
  INFO  HHH000400: Using dialect: org.hibernate.dialect.MySQLDialect
2013-Jul-01 22:05:41,147 [AWT-EventQueue-0] org.hibernate.engine.transaction.internal.TransactionFactoryInitiator 
  INFO  HHH000268: Transaction strategy: org.hibernate.engine.transaction.internal.jdbc.JdbcTransactionFactory
2013-Jul-01 22:05:41,152 [AWT-EventQueue-0] org.hibernate.hql.internal.ast.ASTQueryTranslatorFactory 
  INFO  HHH000397: Using ASTQueryTranslatorFactory
2013-Jul-01 22:05:41,220 [AWT-EventQueue-0] org.hibernate.validator.internal.util.Version 
  INFO  HV000001: Hibernate Validator 4.3.1.Final
2013-Jul-01 22:05:44,952 [AWT-EventQueue-0] org.hibernate.ejb.Ejb3Configuration 
  INFO  HHH000204: Processing PersistenceUnitInfo [
	name: etecabPU
	...]
2013-Jul-01 22:05:45,526 [AWT-EventQueue-0] org.hibernate.service.jdbc.connections.internal.ConnectionProviderInitiator 
  INFO  HHH000130: Instantiating explicit connection provider: org.hibernate.ejb.connection.InjectedDataSourceConnectionProvider
2013-Jul-01 22:05:46,741 [AWT-EventQueue-0] org.hibernate.dialect.Dialect 
  INFO  HHH000400: Using dialect: org.hibernate.dialect.MySQLDialect
2013-Jul-01 22:05:46,742 [AWT-EventQueue-0] org.hibernate.engine.transaction.internal.TransactionFactoryInitiator 
  INFO  HHH000268: Transaction strategy: org.hibernate.engine.transaction.internal.jdbc.JdbcTransactionFactory
2013-Jul-01 22:05:46,743 [AWT-EventQueue-0] org.hibernate.hql.internal.ast.ASTQueryTranslatorFactory 
  INFO  HHH000397: Using ASTQueryTranslatorFactory
2013-Jul-01 22:05:47,456 [AWT-EventQueue-0] org.hibernate.service.jdbc.connections.internal.DriverManagerConnectionProviderImpl 
  INFO  HHH000402: Using Hibernate built-in connection pool (not for production use!)
2013-Jul-01 22:05:47,456 [AWT-EventQueue-0] org.hibernate.service.jdbc.connections.internal.DriverManagerConnectionProviderImpl 
  INFO  HHH000115: Hibernate connection pool size: 20
2013-Jul-01 22:05:47,457 [AWT-EventQueue-0] org.hibernate.service.jdbc.connections.internal.DriverManagerConnectionProviderImpl 
  INFO  HHH000006: Autocommit mode: true
2013-Jul-01 22:05:47,457 [AWT-EventQueue-0] org.hibernate.service.jdbc.connections.internal.DriverManagerConnectionProviderImpl 
  INFO  HHH000401: using driver [com.mysql.jdbc.Driver] at URL [jdbc:mysql://mysql.eteab.com.br:3306/eteab01]
2013-Jul-01 22:05:47,459 [AWT-EventQueue-0] org.hibernate.service.jdbc.connections.internal.DriverManagerConnectionProviderImpl 
  INFO  HHH000046: Connection properties: {user=eteab01, password=****, autocommit=true, release_mode=auto}
2013-Jul-01 22:05:47,904 [AWT-EventQueue-0] org.hibernate.dialect.Dialect 
  INFO  HHH000400: Using dialect: org.hibernate.dialect.MySQLDialect
2013-Jul-01 22:05:47,905 [AWT-EventQueue-0] org.hibernate.engine.transaction.internal.TransactionFactoryInitiator 
  INFO  HHH000268: Transaction strategy: org.hibernate.engine.transaction.internal.jdbc.JdbcTransactionFactory
2013-Jul-01 22:05:47,905 [AWT-EventQueue-0] org.hibernate.hql.internal.ast.ASTQueryTranslatorFactory 
  INFO  HHH000397: Using ASTQueryTranslatorFactory
2013-Jul-01 22:05:48,000 [AWT-EventQueue-0] org.hibernate.ejb.internal.EntityManagerFactoryRegistry 
  WARN  HHH000436: Entity manager factory name (eteab01PU) is already registered.  If entity manager will be clustered or passivated, specify a unique value for property 'hibernate.ejb.entitymanager_factory_name'
2013-Jul-01 22:05:48,273 [AWT-EventQueue-0] org.hibernate.SQL 
  DEBUG 
    select
        periodolet0_.cdplv as cdplv69_,
        periodolet0_.yrplv as yrplv69_,
        periodolet0_.dtfimplv as dtfimplv69_,
        periodolet0_.dtinicioplv as dtinicio4_69_,
        periodolet0_.smplv as smplv69_,
        periodolet0_.stplv as stplv69_ 
    from
        eteab01.plv periodolet0_ 
    where
        periodolet0_.stplv=?
2013-Jul-01 22:05:48,386 [AWT-EventQueue-0] org.hibernate.SQL 
  DEBUG 
    select
        turmalist0_.fkplv as fkplv69_4_,
        turmalist0_.cdtur as cdtur4_,
        turmalist0_.cdtur as cdtur66_3_,
        turmalist0_.fkrepalu as fkrepalu66_3_,
        turmalist0_.fkmdl as fkmdl66_3_,
        turmalist0_.fkper as fkper66_3_,
        turmalist0_.fkplv as fkplv66_3_,
        turmalist0_.sgtur as sgtur66_3_,
        modulo1_.cdmdl as cdmdl71_0_,
        modulo1_.fkgrd as fkgrd71_0_,
        modulo1_.sqmdl as sqmdl71_0_,
        gradecurri2_.cdgrd as cdgrd70_1_,
        gradecurri2_.dsgrd as dsgrd70_1_,
        gradecurri2_.fkhab as fkhab70_1_,
        gradecurri2_.obgrd as obgrd70_1_,
        periodo3_.idper as idper64_2_,
        periodo3_.nmper as nmper64_2_ 
    from
        eteab01.tur turmalist0_ 
    inner join
        eteab01.mdl modulo1_ 
            on turmalist0_.fkmdl=modulo1_.cdmdl 
    left outer join
        eteab01.grd gradecurri2_ 
            on modulo1_.fkgrd=gradecurri2_.cdgrd 
    inner join
        eteab01.per periodo3_ 
            on turmalist0_.fkper=periodo3_.idper 
    where
        turmalist0_.fkplv=?
2013-Jul-01 22:05:48,457 [AWT-EventQueue-0] org.hibernate.SQL 
  DEBUG 
    select
        habilitaca0_.idhab as idhab63_0_,
        habilitaca0_.dshab as dshab63_0_,
        habilitaca0_.nmhab as nmhab63_0_ 
    from
        eteab01.hab habilitaca0_ 
    where
        habilitaca0_.idhab=?
2013-Jul-01 22:05:48,498 [AWT-EventQueue-0] org.hibernate.SQL 
  DEBUG 
    select
        habilitaca0_.idhab as idhab63_0_,
        habilitaca0_.dshab as dshab63_0_,
        habilitaca0_.nmhab as nmhab63_0_ 
    from
        eteab01.hab habilitaca0_ 
    where
        habilitaca0_.idhab=?
2013-Jul-01 22:05:48,535 [AWT-EventQueue-0] org.hibernate.SQL 
  DEBUG 
    select
        habilitaca0_.idhab as idhab63_0_,
        habilitaca0_.dshab as dshab63_0_,
        habilitaca0_.nmhab as nmhab63_0_ 
    from
        eteab01.hab habilitaca0_ 
    where
        habilitaca0_.idhab=?
2013-Jul-01 22:05:48,578 [AWT-EventQueue-0] org.hibernate.SQL 
  DEBUG 
    select
        habilitaca0_.idhab as idhab63_0_,
        habilitaca0_.dshab as dshab63_0_,
        habilitaca0_.nmhab as nmhab63_0_ 
    from
        eteab01.hab habilitaca0_ 
    where
        habilitaca0_.idhab=?
2013-Jul-01 22:05:48,619 [AWT-EventQueue-0] org.hibernate.SQL 
  DEBUG 
    select
        habilitaca0_.idhab as idhab63_0_,
        habilitaca0_.dshab as dshab63_0_,
        habilitaca0_.nmhab as nmhab63_0_ 
    from
        eteab01.hab habilitaca0_ 
    where
        habilitaca0_.idhab=?
2013-Jul-01 22:05:48,658 [AWT-EventQueue-0] org.hibernate.SQL 
  DEBUG 
    select
        habilitaca0_.idhab as idhab63_0_,
        habilitaca0_.dshab as dshab63_0_,
        habilitaca0_.nmhab as nmhab63_0_ 
    from
        eteab01.hab habilitaca0_ 
    where
        habilitaca0_.idhab=?
2013-Jul-01 22:05:48,701 [AWT-EventQueue-0] org.hibernate.SQL 
  DEBUG 
    select
        habilitaca0_.idhab as idhab63_0_,
        habilitaca0_.dshab as dshab63_0_,
        habilitaca0_.nmhab as nmhab63_0_ 
    from
        eteab01.hab habilitaca0_ 
    where
        habilitaca0_.idhab=?
2013-Jul-01 22:05:48,740 [AWT-EventQueue-0] org.hibernate.SQL 
  DEBUG 
    select
        turmalist0_.fkplv as fkplv69_4_,
        turmalist0_.cdtur as cdtur4_,
        turmalist0_.cdtur as cdtur66_3_,
        turmalist0_.fkrepalu as fkrepalu66_3_,
        turmalist0_.fkmdl as fkmdl66_3_,
        turmalist0_.fkper as fkper66_3_,
        turmalist0_.fkplv as fkplv66_3_,
        turmalist0_.sgtur as sgtur66_3_,
        modulo1_.cdmdl as cdmdl71_0_,
        modulo1_.fkgrd as fkgrd71_0_,
        modulo1_.sqmdl as sqmdl71_0_,
        gradecurri2_.cdgrd as cdgrd70_1_,
        gradecurri2_.dsgrd as dsgrd70_1_,
        gradecurri2_.fkhab as fkhab70_1_,
        gradecurri2_.obgrd as obgrd70_1_,
        periodo3_.idper as idper64_2_,
        periodo3_.nmper as nmper64_2_ 
    from
        eteab01.tur turmalist0_ 
    inner join
        eteab01.mdl modulo1_ 
            on turmalist0_.fkmdl=modulo1_.cdmdl 
    left outer join
        eteab01.grd gradecurri2_ 
            on modulo1_.fkgrd=gradecurri2_.cdgrd 
    inner join
        eteab01.per periodo3_ 
            on turmalist0_.fkper=periodo3_.idper 
    where
        turmalist0_.fkplv=?
2013-Jul-01 22:05:48,788 [AWT-EventQueue-0] org.hibernate.SQL 
  DEBUG 
    select
        habilitaca0_.idhab as idhab63_0_,
        habilitaca0_.dshab as dshab63_0_,
        habilitaca0_.nmhab as nmhab63_0_ 
    from
        eteab01.hab habilitaca0_ 
    where
        habilitaca0_.idhab=?
2013-Jul-01 22:05:49,444 [AWT-EventQueue-0] org.hibernate.SQL 
  DEBUG 
    select
        professor0_.cdprf as cdprf61_,
        professor0_.pfprf as pfprf61_,
        professor0_.mtprf as mtprf61_,
        professor0_.nmprf as nmprf61_,
        professor0_1_.fkcatds as fkcatds62_,
        professor0_1_.rgprfds as rgprfds62_,
        professor0_1_.fktpcds as fktpcds62_ 
    from
        prf professor0_ 
    left outer join
        prf_ds professor0_1_ 
            on professor0_.cdprf=professor0_1_.fkprf 
    order by
        professor0_.nmprf asc
2013-Jul-01 22:05:49,510 [AWT-EventQueue-0] org.hibernate.SQL 
  DEBUG 
    select
        professor0_.cdprf as cdprf61_,
        professor0_.pfprf as pfprf61_,
        professor0_.mtprf as mtprf61_,
        professor0_.nmprf as nmprf61_,
        professor0_1_.fkcatds as fkcatds62_,
        professor0_1_.rgprfds as rgprfds62_,
        professor0_1_.fktpcds as fktpcds62_ 
    from
        prf professor0_ 
    left outer join
        prf_ds professor0_1_ 
            on professor0_.cdprf=professor0_1_.fkprf 
    order by
        professor0_.nmprf asc
2013-Jul-01 22:05:50,632 [AWT-EventQueue-0] org.hibernate.SQL 
  DEBUG 
    select
        count(categoriap0_.cdcat) as col_0_0_ 
    from
        cat_ds categoriap0_ limit ?
2013-Jul-01 22:05:50,679 [AWT-EventQueue-0] org.hibernate.SQL 
  DEBUG 
    select
        categoriap0_.cdcat as cdcat58_,
        categoriap0_.nmcat as nmcat58_ 
    from
        cat_ds categoriap0_
2013-Jul-01 22:05:50,859 [AWT-EventQueue-0] org.hibernate.SQL 
  DEBUG 
    select
        categoriap0_.cdcat as cdcat58_,
        categoriap0_.nmcat as nmcat58_ 
    from
        cat_ds categoriap0_ limit ?
2013-Jul-01 22:05:52,949 [AWT-EventQueue-0] org.hibernate.SQL 
  DEBUG 
    select
        count(professor0_.cdprf) as col_0_0_ 
    from
        prf professor0_ 
    left outer join
        prf_ds professor0_1_ 
            on professor0_.cdprf=professor0_1_.fkprf limit ?
2013-Jul-01 22:05:52,979 [AWT-EventQueue-0] org.hibernate.SQL 
  DEBUG 
    select
        categoriap0_.cdcat as cdcat58_,
        categoriap0_.nmcat as nmcat58_ 
    from
        cat_ds categoriap0_
2013-Jul-01 22:05:53,015 [AWT-EventQueue-0] org.hibernate.SQL 
  DEBUG 
    select
        tipocontra0_.idtpc as idtpc65_,
        tipocontra0_.nmtpc as nmtpc65_ 
    from
        tpc_ds tipocontra0_
2013-Jul-01 22:05:53,067 [AWT-EventQueue-0] org.hibernate.SQL 
  DEBUG 
    select
        professor0_.cdprf as cdprf61_,
        professor0_.pfprf as pfprf61_,
        professor0_.mtprf as mtprf61_,
        professor0_.nmprf as nmprf61_,
        professor0_1_.fkcatds as fkcatds62_,
        professor0_1_.rgprfds as rgprfds62_,
        professor0_1_.fktpcds as fktpcds62_ 
    from
        prf professor0_ 
    left outer join
        prf_ds professor0_1_ 
            on professor0_.cdprf=professor0_1_.fkprf 
    order by
        professor0_.nmprf asc
2013-Jul-01 22:05:53,123 [AWT-EventQueue-0] org.hibernate.SQL 
  DEBUG 
    select
        professor0_.cdprf as cdprf61_,
        professor0_.pfprf as pfprf61_,
        professor0_.mtprf as mtprf61_,
        professor0_.nmprf as nmprf61_,
        professor0_1_.fkcatds as fkcatds62_,
        professor0_1_.rgprfds as rgprfds62_,
        professor0_1_.fktpcds as fktpcds62_ 
    from
        prf professor0_ 
    left outer join
        prf_ds professor0_1_ 
            on professor0_.cdprf=professor0_1_.fkprf 
    order by
        professor0_.nmprf asc
2013-Jul-01 22:05:53,228 [AWT-EventQueue-0] org.hibernate.SQL 
  DEBUG 
    select
        professor0_.cdprf as cdprf61_,
        professor0_.pfprf as pfprf61_,
        professor0_.mtprf as mtprf61_,
        professor0_.nmprf as nmprf61_,
        professor0_1_.fkcatds as fkcatds62_,
        professor0_1_.rgprfds as rgprfds62_,
        professor0_1_.fktpcds as fktpcds62_ 
    from
        prf professor0_ 
    left outer join
        prf_ds professor0_1_ 
            on professor0_.cdprf=professor0_1_.fkprf 
    order by
        professor0_.nmprf asc limit ?
2013-Jul-01 22:05:53,808 [AWT-EventQueue-0] org.hibernate.SQL 
  DEBUG 
    select
        count(tipocontra0_.idtpc) as col_0_0_ 
    from
        tpc_ds tipocontra0_ limit ?
2013-Jul-01 22:05:53,847 [AWT-EventQueue-0] org.hibernate.SQL 
  DEBUG 
    select
        tipocontra0_.idtpc as idtpc65_,
        tipocontra0_.nmtpc as nmtpc65_ 
    from
        tpc_ds tipocontra0_
2013-Jul-01 22:05:53,943 [AWT-EventQueue-0] org.hibernate.SQL 
  DEBUG 
    select
        tipocontra0_.idtpc as idtpc65_,
        tipocontra0_.nmtpc as nmtpc65_ 
    from
        tpc_ds tipocontra0_ limit ?
