2013-Jul-15 18:30:46,197 [AWT-EventQueue-0] org.hibernate.SQL 
  DEBUG 
    select
        periodolet0_.cdplv as cdplv69_,
        periodolet0_.yrplv as yrplv69_,
        periodolet0_.dtfimplv as dtfimplv69_,
        periodolet0_.dtinicioplv as dtinicio4_69_,
        periodolet0_.smplv as smplv69_,
        periodolet0_.stplv as stplv69_ 
    from
        eteab01.plv periodolet0_ 
    where
        periodolet0_.stplv=?
2013-Jul-15 18:30:46,273 [AWT-EventQueue-0] org.hibernate.SQL 
  DEBUG 
    select
        turmalist0_.fkplv as fkplv69_4_,
        turmalist0_.cdtur as cdtur4_,
        turmalist0_.cdtur as cdtur66_3_,
        turmalist0_.fkrepalu as fkrepalu66_3_,
        turmalist0_.fkmdl as fkmdl66_3_,
        turmalist0_.fkper as fkper66_3_,
        turmalist0_.fkplv as fkplv66_3_,
        turmalist0_.sgtur as sgtur66_3_,
        modulo1_.cdmdl as cdmdl71_0_,
        modulo1_.fkgrd as fkgrd71_0_,
        modulo1_.sqmdl as sqmdl71_0_,
        gradecurri2_.cdgrd as cdgrd70_1_,
        gradecurri2_.dsgrd as dsgrd70_1_,
        gradecurri2_.fkhab as fkhab70_1_,
        gradecurri2_.obgrd as obgrd70_1_,
        periodo3_.idper as idper64_2_,
        periodo3_.nmper as nmper64_2_ 
    from
        eteab01.tur turmalist0_ 
    inner join
        eteab01.mdl modulo1_ 
            on turmalist0_.fkmdl=modulo1_.cdmdl 
    left outer join
        eteab01.grd gradecurri2_ 
            on modulo1_.fkgrd=gradecurri2_.cdgrd 
    inner join
        eteab01.per periodo3_ 
            on turmalist0_.fkper=periodo3_.idper 
    where
        turmalist0_.fkplv=?
2013-Jul-15 18:30:46,307 [AWT-EventQueue-0] org.hibernate.SQL 
  DEBUG 
    select
        habilitaca0_.idhab as idhab63_0_,
        habilitaca0_.dshab as dshab63_0_,
        habilitaca0_.nmhab as nmhab63_0_ 
    from
        eteab01.hab habilitaca0_ 
    where
        habilitaca0_.idhab=?
2013-Jul-15 18:30:46,312 [AWT-EventQueue-0] org.hibernate.SQL 
  DEBUG 
    select
        habilitaca0_.idhab as idhab63_0_,
        habilitaca0_.dshab as dshab63_0_,
        habilitaca0_.nmhab as nmhab63_0_ 
    from
        eteab01.hab habilitaca0_ 
    where
        habilitaca0_.idhab=?
2013-Jul-15 18:30:46,314 [AWT-EventQueue-0] org.hibernate.SQL 
  DEBUG 
    select
        habilitaca0_.idhab as idhab63_0_,
        habilitaca0_.dshab as dshab63_0_,
        habilitaca0_.nmhab as nmhab63_0_ 
    from
        eteab01.hab habilitaca0_ 
    where
        habilitaca0_.idhab=?
2013-Jul-15 18:30:46,317 [AWT-EventQueue-0] org.hibernate.SQL 
  DEBUG 
    select
        habilitaca0_.idhab as idhab63_0_,
        habilitaca0_.dshab as dshab63_0_,
        habilitaca0_.nmhab as nmhab63_0_ 
    from
        eteab01.hab habilitaca0_ 
    where
        habilitaca0_.idhab=?
2013-Jul-15 18:30:46,319 [AWT-EventQueue-0] org.hibernate.SQL 
  DEBUG 
    select
        habilitaca0_.idhab as idhab63_0_,
        habilitaca0_.dshab as dshab63_0_,
        habilitaca0_.nmhab as nmhab63_0_ 
    from
        eteab01.hab habilitaca0_ 
    where
        habilitaca0_.idhab=?
2013-Jul-15 18:30:46,320 [AWT-EventQueue-0] org.hibernate.SQL 
  DEBUG 
    select
        habilitaca0_.idhab as idhab63_0_,
        habilitaca0_.dshab as dshab63_0_,
        habilitaca0_.nmhab as nmhab63_0_ 
    from
        eteab01.hab habilitaca0_ 
    where
        habilitaca0_.idhab=?
2013-Jul-15 18:30:46,322 [AWT-EventQueue-0] org.hibernate.SQL 
  DEBUG 
    select
        habilitaca0_.idhab as idhab63_0_,
        habilitaca0_.dshab as dshab63_0_,
        habilitaca0_.nmhab as nmhab63_0_ 
    from
        eteab01.hab habilitaca0_ 
    where
        habilitaca0_.idhab=?
2013-Jul-15 18:30:46,325 [AWT-EventQueue-0] org.hibernate.SQL 
  DEBUG 
    select
        turmalist0_.fkplv as fkplv69_4_,
        turmalist0_.cdtur as cdtur4_,
        turmalist0_.cdtur as cdtur66_3_,
        turmalist0_.fkrepalu as fkrepalu66_3_,
        turmalist0_.fkmdl as fkmdl66_3_,
        turmalist0_.fkper as fkper66_3_,
        turmalist0_.fkplv as fkplv66_3_,
        turmalist0_.sgtur as sgtur66_3_,
        modulo1_.cdmdl as cdmdl71_0_,
        modulo1_.fkgrd as fkgrd71_0_,
        modulo1_.sqmdl as sqmdl71_0_,
        gradecurri2_.cdgrd as cdgrd70_1_,
        gradecurri2_.dsgrd as dsgrd70_1_,
        gradecurri2_.fkhab as fkhab70_1_,
        gradecurri2_.obgrd as obgrd70_1_,
        periodo3_.idper as idper64_2_,
        periodo3_.nmper as nmper64_2_ 
    from
        eteab01.tur turmalist0_ 
    inner join
        eteab01.mdl modulo1_ 
            on turmalist0_.fkmdl=modulo1_.cdmdl 
    left outer join
        eteab01.grd gradecurri2_ 
            on modulo1_.fkgrd=gradecurri2_.cdgrd 
    inner join
        eteab01.per periodo3_ 
            on turmalist0_.fkper=periodo3_.idper 
    where
        turmalist0_.fkplv=?
2013-Jul-15 18:30:46,330 [AWT-EventQueue-0] org.hibernate.SQL 
  DEBUG 
    select
        habilitaca0_.idhab as idhab63_0_,
        habilitaca0_.dshab as dshab63_0_,
        habilitaca0_.nmhab as nmhab63_0_ 
    from
        eteab01.hab habilitaca0_ 
    where
        habilitaca0_.idhab=?
2013-Jul-15 18:30:46,868 [AWT-EventQueue-0] org.hibernate.SQL 
  DEBUG 
    select
        professor0_.cdprf as cdprf61_,
        professor0_.pfprf as pfprf61_,
        professor0_.mtprf as mtprf61_,
        professor0_.nmprf as nmprf61_,
        professor0_1_.fkcatds as fkcatds62_,
        professor0_1_.rgprfds as rgprfds62_,
        professor0_1_.fktpcds as fktpcds62_ 
    from
        prf professor0_ 
    left outer join
        prf_ds professor0_1_ 
            on professor0_.cdprf=professor0_1_.fkprf 
    order by
        professor0_.nmprf asc
2013-Jul-15 18:30:46,908 [AWT-EventQueue-0] org.hibernate.SQL 
  DEBUG 
    select
        categoriap0_.cdcat as cdcat58_0_,
        categoriap0_.nmcat as nmcat58_0_ 
    from
        cat_ds categoriap0_ 
    where
        categoriap0_.cdcat=?
2013-Jul-15 18:30:46,912 [AWT-EventQueue-0] org.hibernate.SQL 
  DEBUG 
    select
        tipocontra0_.idtpc as idtpc65_0_,
        tipocontra0_.nmtpc as nmtpc65_0_ 
    from
        tpc_ds tipocontra0_ 
    where
        tipocontra0_.idtpc=?
2013-Jul-15 18:30:46,916 [AWT-EventQueue-0] org.hibernate.SQL 
  DEBUG 
    select
        categoriap0_.cdcat as cdcat58_0_,
        categoriap0_.nmcat as nmcat58_0_ 
    from
        cat_ds categoriap0_ 
    where
        categoriap0_.cdcat=?
2013-Jul-15 18:30:46,918 [AWT-EventQueue-0] org.hibernate.SQL 
  DEBUG 
    select
        tipocontra0_.idtpc as idtpc65_0_,
        tipocontra0_.nmtpc as nmtpc65_0_ 
    from
        tpc_ds tipocontra0_ 
    where
        tipocontra0_.idtpc=?
2013-Jul-15 18:30:46,921 [AWT-EventQueue-0] org.hibernate.SQL 
  DEBUG 
    select
        tipocontra0_.idtpc as idtpc65_0_,
        tipocontra0_.nmtpc as nmtpc65_0_ 
    from
        tpc_ds tipocontra0_ 
    where
        tipocontra0_.idtpc=?
2013-Jul-15 18:30:46,929 [AWT-EventQueue-0] org.hibernate.SQL 
  DEBUG 
    select
        professor0_.cdprf as cdprf61_,
        professor0_.pfprf as pfprf61_,
        professor0_.mtprf as mtprf61_,
        professor0_.nmprf as nmprf61_,
        professor0_1_.fkcatds as fkcatds62_,
        professor0_1_.rgprfds as rgprfds62_,
        professor0_1_.fktpcds as fktpcds62_ 
    from
        prf professor0_ 
    left outer join
        prf_ds professor0_1_ 
            on professor0_.cdprf=professor0_1_.fkprf 
    order by
        professor0_.nmprf asc
2013-Jul-15 18:30:48,710 [AWT-EventQueue-0] org.hibernate.SQL 
  DEBUG 
    select
        count(*) as col_0_0_ 
    from
        cat_ds categoriap0_ limit ?
2013-Jul-15 18:30:48,728 [AWT-EventQueue-0] org.hibernate.SQL 
  DEBUG 
    select
        count(*) as col_0_0_ 
    from
        cat_ds categoriap0_
2013-Jul-15 18:30:48,730 [AWT-EventQueue-0] org.hibernate.SQL 
  DEBUG 
    select
        categoriap0_.cdcat as cdcat44_,
        categoriap0_.nmcat as nmcat44_ 
    from
        cat_ds categoriap0_ limit ?
2013-Jul-15 18:30:50,024 [AWT-EventQueue-0] org.hibernate.SQL 
  DEBUG 
    select
        count(professor0_.cdprf) as col_0_0_ 
    from
        prf professor0_ 
    left outer join
        prf_ds professor0_1_ 
            on professor0_.cdprf=professor0_1_.fkprf limit ?
2013-Jul-15 18:30:50,030 [AWT-EventQueue-0] org.hibernate.SQL 
  DEBUG 
    select
        categoriap0_.cdcat as cdcat58_,
        categoriap0_.nmcat as nmcat58_ 
    from
        cat_ds categoriap0_
2013-Jul-15 18:30:50,037 [AWT-EventQueue-0] org.hibernate.SQL 
  DEBUG 
    select
        tipocontra0_.idtpc as idtpc65_,
        tipocontra0_.nmtpc as nmtpc65_ 
    from
        tpc_ds tipocontra0_
2013-Jul-15 18:30:50,057 [AWT-EventQueue-0] org.hibernate.SQL 
  DEBUG 
    select
        professor0_.cdprf as cdprf61_,
        professor0_.pfprf as pfprf61_,
        professor0_.mtprf as mtprf61_,
        professor0_.nmprf as nmprf61_,
        professor0_1_.fkcatds as fkcatds62_,
        professor0_1_.rgprfds as rgprfds62_,
        professor0_1_.fktpcds as fktpcds62_ 
    from
        prf professor0_ 
    left outer join
        prf_ds professor0_1_ 
            on professor0_.cdprf=professor0_1_.fkprf 
    order by
        professor0_.nmprf asc
2013-Jul-15 18:30:50,064 [AWT-EventQueue-0] org.hibernate.SQL 
  DEBUG 
    select
        professor0_.cdprf as cdprf61_,
        professor0_.pfprf as pfprf61_,
        professor0_.mtprf as mtprf61_,
        professor0_.nmprf as nmprf61_,
        professor0_1_.fkcatds as fkcatds62_,
        professor0_1_.rgprfds as rgprfds62_,
        professor0_1_.fktpcds as fktpcds62_ 
    from
        prf professor0_ 
    left outer join
        prf_ds professor0_1_ 
            on professor0_.cdprf=professor0_1_.fkprf 
    order by
        professor0_.nmprf asc
2013-Jul-15 18:30:50,113 [AWT-EventQueue-0] org.hibernate.SQL 
  DEBUG 
    select
        professor0_.cdprf as cdprf61_,
        professor0_.pfprf as pfprf61_,
        professor0_.mtprf as mtprf61_,
        professor0_.nmprf as nmprf61_,
        professor0_1_.fkcatds as fkcatds62_,
        professor0_1_.rgprfds as rgprfds62_,
        professor0_1_.fktpcds as fktpcds62_ 
    from
        prf professor0_ 
    left outer join
        prf_ds professor0_1_ 
            on professor0_.cdprf=professor0_1_.fkprf 
    order by
        professor0_.nmprf asc limit ?
2013-Jul-15 18:30:51,569 [AWT-EventQueue-0] org.hibernate.SQL 
  DEBUG 
    select
        count(tipocontra0_.idtpc) as col_0_0_ 
    from
        tpc_ds tipocontra0_ limit ?
2013-Jul-15 18:30:51,578 [AWT-EventQueue-0] org.hibernate.SQL 
  DEBUG 
    select
        tipocontra0_.idtpc as idtpc65_,
        tipocontra0_.nmtpc as nmtpc65_ 
    from
        tpc_ds tipocontra0_
2013-Jul-15 18:30:51,632 [AWT-EventQueue-0] org.hibernate.SQL 
  DEBUG 
    select
        tipocontra0_.idtpc as idtpc65_,
        tipocontra0_.nmtpc as nmtpc65_ 
    from
        tpc_ds tipocontra0_ limit ?
2013-Jul-15 18:30:57,539 [AWT-EventQueue-0] org.hibernate.SQL 
  DEBUG 
    select
        count(*) as col_0_0_ 
    from
        acesso login0_ 
    where
        login0_.nmusuario=? 
        and login0_.nmsenha=? limit ?
2013-Jul-15 18:30:58,327 [AWT-EventQueue-0] org.hibernate.SQL 
  DEBUG 
    select
        count(categoriap0_.cdcat) as col_0_0_ 
    from
        cat_ds categoriap0_ limit ?
2013-Jul-15 18:30:58,683 [AWT-EventQueue-0] org.hibernate.SQL 
  DEBUG 
    select
        categoriap0_.cdcat as cdcat58_,
        categoriap0_.nmcat as nmcat58_ 
    from
        cat_ds categoriap0_
2013-Jul-15 18:30:58,838 [AWT-EventQueue-0] org.hibernate.SQL 
  DEBUG 
    select
        categoriap0_.cdcat as cdcat58_,
        categoriap0_.nmcat as nmcat58_ 
    from
        cat_ds categoriap0_ limit ?
2013-Jul-15 18:30:58,857 [AWT-EventQueue-0] org.hibernate.SQL 
  DEBUG 
    select
        count(tipoatribu0_.idtat) as col_0_0_ 
    from
        tat tipoatribu0_ limit ?
2013-Jul-15 18:30:58,893 [AWT-EventQueue-0] org.hibernate.SQL 
  DEBUG 
    select
        tipoatribu0_.idtat as idtat72_,
        tipoatribu0_.nmtat as nmtat72_ 
    from
        tat tipoatribu0_ limit ?
