2013-Jul-12 18:53:40,474 [AWT-EventQueue-0] br.com.etec.controller.AbstractController 
  ERROR Ocorreu um erro!
java.lang.RuntimeException: org.springframework.orm.hibernate3.HibernateSystemException: ids for this class must be manually assigned before calling save(): br.com.etec.model.CategoriaProfessor; nested exception is org.hibernate.id.IdentifierGenerationException: ids for this class must be manually assigned before calling save(): br.com.etec.model.CategoriaProfessor
	at br.com.etec.view.action.AbstractAction.actionPerformed(AbstractAction.java:74)
	at br.com.etec.controller.AbstractController.executeAction(AbstractController.java:245)
	at br.com.etec.controller.AbstractController.actionPerformed(AbstractController.java:155)
	at javax.swing.AbstractButton.fireActionPerformed(AbstractButton.java:2018)
	at javax.swing.AbstractButton$Handler.actionPerformed(AbstractButton.java:2341)
	at javax.swing.DefaultButtonModel.fireActionPerformed(DefaultButtonModel.java:402)
	at javax.swing.DefaultButtonModel.setPressed(DefaultButtonModel.java:259)
	at javax.swing.plaf.basic.BasicButtonListener.mouseReleased(BasicButtonListener.java:252)
	at com.jtattoo.plaf.BaseButtonListener.mouseReleased(BaseButtonListener.java:60)
	at java.awt.Component.processMouseEvent(Component.java:6505)
	at javax.swing.JComponent.processMouseEvent(JComponent.java:3321)
	at java.awt.Component.processEvent(Component.java:6270)
	at java.awt.Container.processEvent(Container.java:2229)
	at java.awt.Component.dispatchEventImpl(Component.java:4861)
	at java.awt.Container.dispatchEventImpl(Container.java:2287)
	at java.awt.Component.dispatchEvent(Component.java:4687)
	at java.awt.LightweightDispatcher.retargetMouseEvent(Container.java:4832)
	at java.awt.LightweightDispatcher.processMouseEvent(Container.java:4492)
	at java.awt.LightweightDispatcher.dispatchEvent(Container.java:4422)
	at java.awt.Container.dispatchEventImpl(Container.java:2273)
	at java.awt.Window.dispatchEventImpl(Window.java:2719)
	at java.awt.Component.dispatchEvent(Component.java:4687)
	at java.awt.EventQueue.dispatchEventImpl(EventQueue.java:703)
	at java.awt.EventQueue.access$000(EventQueue.java:102)
	at java.awt.EventQueue$3.run(EventQueue.java:662)
	at java.awt.EventQueue$3.run(EventQueue.java:660)
	at java.security.AccessController.doPrivileged(Native Method)
	at java.security.ProtectionDomain$1.doIntersectionPrivilege(ProtectionDomain.java:76)
	at java.security.ProtectionDomain$1.doIntersectionPrivilege(ProtectionDomain.java:87)
	at java.awt.EventQueue$4.run(EventQueue.java:676)
	at java.awt.EventQueue$4.run(EventQueue.java:674)
	at java.security.AccessController.doPrivileged(Native Method)
	at java.security.ProtectionDomain$1.doIntersectionPrivilege(ProtectionDomain.java:76)
	at java.awt.EventQueue.dispatchEvent(EventQueue.java:673)
	at java.awt.EventDispatchThread.pumpOneEventForFilters(EventDispatchThread.java:244)
	at java.awt.EventDispatchThread.pumpEventsForFilter(EventDispatchThread.java:163)
	at java.awt.EventDispatchThread.pumpEventsForHierarchy(EventDispatchThread.java:151)
	at java.awt.EventDispatchThread.pumpEvents(EventDispatchThread.java:147)
	at java.awt.EventDispatchThread.pumpEvents(EventDispatchThread.java:139)
	at java.awt.EventDispatchThread.run(EventDispatchThread.java:97)
Caused by: org.springframework.orm.hibernate3.HibernateSystemException: ids for this class must be manually assigned before calling save(): br.com.etec.model.CategoriaProfessor; nested exception is org.hibernate.id.IdentifierGenerationException: ids for this class must be manually assigned before calling save(): br.com.etec.model.CategoriaProfessor
	at org.springframework.orm.hibernate3.SessionFactoryUtils.convertHibernateAccessException(SessionFactoryUtils.java:690)
	at org.springframework.orm.jpa.vendor.HibernateJpaDialect.translateExceptionIfPossible(HibernateJpaDialect.java:104)
	at org.springframework.orm.jpa.AbstractEntityManagerFactoryBean.translateExceptionIfPossible(AbstractEntityManagerFactoryBean.java:403)
	at org.springframework.dao.support.ChainedPersistenceExceptionTranslator.translateExceptionIfPossible(ChainedPersistenceExceptionTranslator.java:58)
	at org.springframework.dao.support.DataAccessUtils.translateIfNecessary(DataAccessUtils.java:213)
	at org.springframework.dao.support.PersistenceExceptionTranslationInterceptor.invoke(PersistenceExceptionTranslationInterceptor.java:163)
	at org.springframework.aop.framework.ReflectiveMethodInvocation.proceed(ReflectiveMethodInvocation.java:172)
	at org.springframework.data.jpa.repository.support.LockModeRepositoryPostProcessor$LockModePopulatingMethodIntercceptor.invoke(LockModeRepositoryPostProcessor.java:84)
	at org.springframework.aop.framework.ReflectiveMethodInvocation.proceed(ReflectiveMethodInvocation.java:172)
	at org.springframework.aop.interceptor.ExposeInvocationInterceptor.invoke(ExposeInvocationInterceptor.java:90)
	at org.springframework.aop.framework.ReflectiveMethodInvocation.proceed(ReflectiveMethodInvocation.java:172)
	at org.springframework.aop.framework.JdkDynamicAopProxy.invoke(JdkDynamicAopProxy.java:202)
	at $Proxy42.save(Unknown Source)
	at br.com.etec.service.AbstractService.save(AbstractService.java:67)
	at br.com.etec.service.AbstractService$$FastClassByCGLIB$$4d27a4a4.invoke(<generated>)
	at net.sf.cglib.proxy.MethodProxy.invoke(MethodProxy.java:204)
	at org.springframework.aop.framework.Cglib2AopProxy$CglibMethodInvocation.invokeJoinpoint(Cglib2AopProxy.java:689)
	at org.springframework.aop.framework.ReflectiveMethodInvocation.proceed(ReflectiveMethodInvocation.java:150)
	at org.springframework.dao.support.PersistenceExceptionTranslationInterceptor.invoke(PersistenceExceptionTranslationInterceptor.java:155)
	at org.springframework.aop.framework.ReflectiveMethodInvocation.proceed(ReflectiveMethodInvocation.java:172)
	at org.springframework.aop.framework.Cglib2AopProxy$DynamicAdvisedInterceptor.intercept(Cglib2AopProxy.java:622)
	at br.com.etec.service.CategoriaProfessorService$$EnhancerByCGLIB$$f9a579ff.save(<generated>)
	at br.com.etec.controller.PagingController$4.action(PagingController.java:139)
	at br.com.etec.view.action.AbstractAction.actionPerformed(AbstractAction.java:69)
	... 39 more
Caused by: org.hibernate.id.IdentifierGenerationException: ids for this class must be manually assigned before calling save(): br.com.etec.model.CategoriaProfessor
	at org.hibernate.id.Assigned.generate(Assigned.java:52)
	at org.hibernate.event.internal.AbstractSaveEventListener.saveWithGeneratedId(AbstractSaveEventListener.java:118)
	at org.hibernate.ejb.event.EJB3PersistEventListener.saveWithGeneratedId(EJB3PersistEventListener.java:78)
	at org.hibernate.event.internal.DefaultPersistEventListener.entityIsTransient(DefaultPersistEventListener.java:208)
	at org.hibernate.event.internal.DefaultPersistEventListener.onPersist(DefaultPersistEventListener.java:151)
	at org.hibernate.event.internal.DefaultPersistEventListener.onPersist(DefaultPersistEventListener.java:78)
	at org.hibernate.internal.SessionImpl.firePersist(SessionImpl.java:844)
	at org.hibernate.internal.SessionImpl.persist(SessionImpl.java:819)
	at org.hibernate.internal.SessionImpl.persist(SessionImpl.java:823)
	at org.hibernate.ejb.AbstractEntityManagerImpl.persist(AbstractEntityManagerImpl.java:865)
	at sun.reflect.NativeMethodAccessorImpl.invoke0(Native Method)
	at sun.reflect.NativeMethodAccessorImpl.invoke(NativeMethodAccessorImpl.java:57)
	at sun.reflect.DelegatingMethodAccessorImpl.invoke(DelegatingMethodAccessorImpl.java:43)
	at java.lang.reflect.Method.invoke(Method.java:601)
	at org.springframework.orm.jpa.SharedEntityManagerCreator$SharedEntityManagerInvocationHandler.invoke(SharedEntityManagerCreator.java:240)
	at $Proxy31.persist(Unknown Source)
	at org.springframework.data.jpa.repository.support.SimpleJpaRepository.save(SimpleJpaRepository.java:342)
	at sun.reflect.NativeMethodAccessorImpl.invoke0(Native Method)
	at sun.reflect.NativeMethodAccessorImpl.invoke(NativeMethodAccessorImpl.java:57)
	at sun.reflect.DelegatingMethodAccessorImpl.invoke(DelegatingMethodAccessorImpl.java:43)
	at java.lang.reflect.Method.invoke(Method.java:601)
	at org.springframework.data.repository.core.support.RepositoryFactorySupport$QueryExecutorMethodInterceptor.executeMethodOn(RepositoryFactorySupport.java:334)
	at org.springframework.data.repository.core.support.RepositoryFactorySupport$QueryExecutorMethodInterceptor.invoke(RepositoryFactorySupport.java:319)
	at org.springframework.aop.framework.ReflectiveMethodInvocation.proceed(ReflectiveMethodInvocation.java:172)
	at org.springframework.transaction.interceptor.TransactionInterceptor.invoke(TransactionInterceptor.java:110)
	at org.springframework.aop.framework.ReflectiveMethodInvocation.proceed(ReflectiveMethodInvocation.java:172)
	at org.springframework.dao.support.PersistenceExceptionTranslationInterceptor.invoke(PersistenceExceptionTranslationInterceptor.java:155)
	... 57 more
2013-Jul-12 18:53:55,961 [AWT-EventQueue-0] br.com.etec.controller.AbstractController 
  DEBUG Executando action: class br.com.etec.controller.PagingController$4
