2013-Jul-12 18:20:05,226 [AWT-EventQueue-0] org.hibernate.SQL 
  DEBUG 
    select
        count(*) as col_0_0_ 
    from
        acesso login0_ 
    where
        login0_.nmusuario=? 
        and login0_.nmsenha=? limit ?
2013-Jul-12 18:20:06,018 [AWT-EventQueue-0] org.hibernate.SQL 
  DEBUG 
    select
        count(categoriap0_.cdcat) as col_0_0_ 
    from
        cat_ds categoriap0_ limit ?
2013-Jul-12 18:20:06,405 [AWT-EventQueue-0] org.hibernate.SQL 
  DEBUG 
    select
        categoriap0_.cdcat as cdcat58_,
        categoriap0_.nmcat as nmcat58_ 
    from
        cat_ds categoriap0_
2013-Jul-12 18:20:06,562 [AWT-EventQueue-0] org.hibernate.SQL 
  DEBUG 
    select
        categoriap0_.cdcat as cdcat58_,
        categoriap0_.nmcat as nmcat58_ 
    from
        cat_ds categoriap0_ limit ?
2013-Jul-12 18:20:06,598 [AWT-EventQueue-0] org.hibernate.SQL 
  DEBUG 
    select
        count(tipoatribu0_.idtat) as col_0_0_ 
    from
        tat tipoatribu0_ limit ?
2013-Jul-12 18:20:06,672 [AWT-EventQueue-0] org.hibernate.SQL 
  DEBUG 
    select
        tipoatribu0_.idtat as idtat72_,
        tipoatribu0_.nmtat as nmtat72_ 
    from
        tat tipoatribu0_ limit ?
2013-Jul-12 18:20:19,406 [AWT-EventQueue-0] org.hibernate.SQL 
  DEBUG 
    select
        count(*) as col_0_0_ 
    from
        cat_ds categoriap0_
2013-Jul-12 18:20:19,408 [AWT-EventQueue-0] org.hibernate.SQL 
  DEBUG 
    select
        categoriap0_.cdcat as cdcat35_,
        categoriap0_.nmcat as nmcat35_ 
    from
        cat_ds categoriap0_ limit ?
2013-Jul-12 18:20:19,473 [AWT-EventQueue-0] org.hibernate.SQL 
  DEBUG 
    select
        count(*) as col_0_0_ 
    from
        cat_ds categoriap0_ limit ?
2013-Jul-12 18:20:19,476 [AWT-EventQueue-0] org.hibernate.SQL 
  DEBUG 
    select
        count(*) as col_0_0_ 
    from
        cat_ds categoriap0_
2013-Jul-12 18:20:19,478 [AWT-EventQueue-0] org.hibernate.SQL 
  DEBUG 
    select
        categoriap0_.cdcat as cdcat35_,
        categoriap0_.nmcat as nmcat35_ 
    from
        cat_ds categoriap0_ limit ?
2013-Jul-12 18:20:29,460 [AWT-EventQueue-0] org.hibernate.SQL 
  DEBUG 
    select
        categoriap0_.cdcat as cdcat35_1_,
        categoriap0_.nmcat as nmcat35_1_,
        professorl1_.fkcatds as fkcatds35_3_,
        professor2_.cdprf as fkprf3_,
        professor2_.cdprf as cdprf36_0_,
        professor2_.pfprf as pfprf36_0_,
        professor2_.mtprf as mtprf36_0_,
        professor2_.nmprf as nmprf36_0_,
        professor2_1_.fkcatds as fkcatds37_0_,
        professor2_1_.rgprfds as rgprfds37_0_,
        professor2_1_.fktpcds as fktpcds37_0_ 
    from
        cat_ds categoriap0_ 
    left outer join
        prf_ds professorl1_ 
            on categoriap0_.cdcat=professorl1_.fkcatds 
    left outer join
        prf professor2_ 
            on professorl1_.fkprf=professor2_.cdprf 
    left outer join
        prf_ds professor2_1_ 
            on professor2_.cdprf=professor2_1_.fkprf 
    where
        categoriap0_.cdcat=?
2013-Jul-12 18:20:29,512 [AWT-EventQueue-0] org.hibernate.SQL 
  DEBUG 
    update
        cat_ds 
    set
        nmcat=? 
    where
        cdcat=?
2013-Jul-12 18:20:29,537 [AWT-EventQueue-0] org.hibernate.SQL 
  DEBUG 
    select
        count(*) as col_0_0_ 
    from
        cat_ds categoriap0_ limit ?
2013-Jul-12 18:20:29,540 [AWT-EventQueue-0] org.hibernate.SQL 
  DEBUG 
    select
        count(*) as col_0_0_ 
    from
        cat_ds categoriap0_
2013-Jul-12 18:20:29,541 [AWT-EventQueue-0] org.hibernate.SQL 
  DEBUG 
    select
        categoriap0_.cdcat as cdcat35_,
        categoriap0_.nmcat as nmcat35_ 
    from
        cat_ds categoriap0_ limit ?
