2013-Jun-28 14:24:00,388 [AWT-EventQueue-0] org.hibernate.SQL 
  DEBUG 
    select
        professor0_.cdprf as cdprf61_,
        professor0_.pfprf as pfprf61_,
        professor0_.mtprf as mtprf61_,
        professor0_.nmprf as nmprf61_,
        professor0_1_.fkcatds as fkcatds62_,
        professor0_1_.rgprfds as rgprfds62_,
        professor0_1_.fktpcds as fktpcds62_ 
    from
        prf professor0_ 
    left outer join
        prf_ds professor0_1_ 
            on professor0_.cdprf=professor0_1_.fkprf 
    order by
        professor0_.nmprf asc
2013-Jun-28 14:24:00,503 [AWT-EventQueue-0] org.hibernate.SQL 
  DEBUG 
    select
        categoriap0_.cdcat as cdcat58_0_,
        categoriap0_.nmcat as nmcat58_0_ 
    from
        cat_ds categoriap0_ 
    where
        categoriap0_.cdcat=?
2013-Jun-28 14:24:00,505 [AWT-EventQueue-0] org.hibernate.SQL 
  DEBUG 
    select
        tipocontra0_.idtpc as idtpc65_0_,
        tipocontra0_.nmtpc as nmtpc65_0_ 
    from
        tpc_ds tipocontra0_ 
    where
        tipocontra0_.idtpc=?
2013-Jun-28 14:24:00,507 [AWT-EventQueue-0] org.hibernate.SQL 
  DEBUG 
    select
        categoriap0_.cdcat as cdcat58_0_,
        categoriap0_.nmcat as nmcat58_0_ 
    from
        cat_ds categoriap0_ 
    where
        categoriap0_.cdcat=?
2013-Jun-28 14:24:00,510 [AWT-EventQueue-0] org.hibernate.SQL 
  DEBUG 
    select
        tipocontra0_.idtpc as idtpc65_0_,
        tipocontra0_.nmtpc as nmtpc65_0_ 
    from
        tpc_ds tipocontra0_ 
    where
        tipocontra0_.idtpc=?
2013-Jun-28 14:24:00,514 [AWT-EventQueue-0] org.hibernate.SQL 
  DEBUG 
    select
        tipocontra0_.idtpc as idtpc65_0_,
        tipocontra0_.nmtpc as nmtpc65_0_ 
    from
        tpc_ds tipocontra0_ 
    where
        tipocontra0_.idtpc=?
2013-Jun-28 14:24:00,521 [AWT-EventQueue-0] org.hibernate.SQL 
  DEBUG 
    select
        professor0_.cdprf as cdprf61_,
        professor0_.pfprf as pfprf61_,
        professor0_.mtprf as mtprf61_,
        professor0_.nmprf as nmprf61_,
        professor0_1_.fkcatds as fkcatds62_,
        professor0_1_.rgprfds as rgprfds62_,
        professor0_1_.fktpcds as fktpcds62_ 
    from
        prf professor0_ 
    left outer join
        prf_ds professor0_1_ 
            on professor0_.cdprf=professor0_1_.fkprf 
    order by
        professor0_.nmprf asc
2013-Jun-28 14:24:03,058 [AWT-EventQueue-0] br.com.etec.controller.AbstractController 
  DEBUG Registrando action: br.com.etec.controller.MainController$1 para o botão: Atribuição de Aulas
2013-Jun-28 14:24:03,060 [AWT-EventQueue-0] br.com.etec.controller.AbstractController 
  DEBUG Registrando action: br.com.etec.controller.LoginController$1 para o botão: Ok
2013-Jun-28 14:24:03,061 [AWT-EventQueue-0] br.com.etec.controller.AbstractController 
  DEBUG Registrando action: br.com.etec.controller.LoginController$2 para o botão: Cancelar
