2013-Jun-28 15:25:00,065 [AWT-EventQueue-0] br.com.etec.controller.AbstractController 
  DEBUG Registrando action: br.com.etec.controller.MainController$1 para o botão: Atribuição de Aulas
2013-Jun-28 15:25:00,092 [AWT-EventQueue-0] br.com.etec.controller.AbstractController 
  DEBUG Registrando action: br.com.etec.controller.LoginController$1 para o botão: Ok
2013-Jun-28 15:25:00,092 [AWT-EventQueue-0] br.com.etec.controller.AbstractController 
  DEBUG Registrando action: br.com.etec.controller.LoginController$2 para o botão: Cancelar
2013-Jun-28 15:25:07,446 [AWT-EventQueue-0] br.com.etec.controller.AbstractController 
  DEBUG Executando action: class br.com.etec.controller.LoginController$1
2013-Jun-28 15:25:07,583 [AWT-EventQueue-0] org.hibernate.SQL 
  DEBUG 
    select
        count(*) as col_0_0_ 
    from
        acesso login0_ 
    where
        login0_.nmusuario=? 
        and login0_.nmsenha=? limit ?
2013-Jun-28 15:25:08,026 [AWT-EventQueue-0] br.com.etec.controller.LoginController 
  INFO  Acesso do usuário: admin
2013-Jun-28 15:25:10,283 [AWT-EventQueue-0] br.com.etec.controller.AbstractController 
  DEBUG Executando action: class br.com.etec.controller.MainController$1
2013-Jun-28 15:25:10,284 [AWT-EventQueue-0] br.com.etec.controller.AbstractController 
  ERROR Ocorreu um erro!
java.lang.RuntimeException: java.lang.NullPointerException
	at br.com.etec.view.action.AbstractAction.actionPerformed(AbstractAction.java:73)
	at br.com.etec.controller.AbstractController.executeAction(AbstractController.java:244)
	at br.com.etec.controller.AbstractController.actionPerformed(AbstractController.java:155)
	at javax.swing.AbstractButton.fireActionPerformed(AbstractButton.java:2018)
	at javax.swing.AbstractButton$Handler.actionPerformed(AbstractButton.java:2341)
	at javax.swing.DefaultButtonModel.fireActionPerformed(DefaultButtonModel.java:402)
	at javax.swing.DefaultButtonModel.setPressed(DefaultButtonModel.java:259)
	at javax.swing.AbstractButton.doClick(AbstractButton.java:376)
	at javax.swing.plaf.basic.BasicMenuItemUI.doClick(BasicMenuItemUI.java:833)
	at javax.swing.plaf.basic.BasicMenuItemUI$Handler.mouseReleased(BasicMenuItemUI.java:877)
	at java.awt.Component.processMouseEvent(Component.java:6505)
	at javax.swing.JComponent.processMouseEvent(JComponent.java:3321)
	at java.awt.Component.processEvent(Component.java:6270)
	at java.awt.Container.processEvent(Container.java:2229)
	at java.awt.Component.dispatchEventImpl(Component.java:4861)
	at java.awt.Container.dispatchEventImpl(Container.java:2287)
	at java.awt.Component.dispatchEvent(Component.java:4687)
	at java.awt.LightweightDispatcher.retargetMouseEvent(Container.java:4832)
	at java.awt.LightweightDispatcher.processMouseEvent(Container.java:4492)
	at java.awt.LightweightDispatcher.dispatchEvent(Container.java:4422)
	at java.awt.Container.dispatchEventImpl(Container.java:2273)
	at java.awt.Window.dispatchEventImpl(Window.java:2719)
	at java.awt.Component.dispatchEvent(Component.java:4687)
	at java.awt.EventQueue.dispatchEventImpl(EventQueue.java:703)
	at java.awt.EventQueue.access$000(EventQueue.java:102)
	at java.awt.EventQueue$3.run(EventQueue.java:662)
	at java.awt.EventQueue$3.run(EventQueue.java:660)
	at java.security.AccessController.doPrivileged(Native Method)
	at java.security.ProtectionDomain$1.doIntersectionPrivilege(ProtectionDomain.java:76)
	at java.security.ProtectionDomain$1.doIntersectionPrivilege(ProtectionDomain.java:87)
	at java.awt.EventQueue$4.run(EventQueue.java:676)
	at java.awt.EventQueue$4.run(EventQueue.java:674)
	at java.security.AccessController.doPrivileged(Native Method)
	at java.security.ProtectionDomain$1.doIntersectionPrivilege(ProtectionDomain.java:76)
	at java.awt.EventQueue.dispatchEvent(EventQueue.java:673)
	at java.awt.EventDispatchThread.pumpOneEventForFilters(EventDispatchThread.java:244)
	at java.awt.EventDispatchThread.pumpEventsForFilter(EventDispatchThread.java:163)
	at java.awt.EventDispatchThread.pumpEventsForHierarchy(EventDispatchThread.java:151)
	at java.awt.EventDispatchThread.pumpEvents(EventDispatchThread.java:147)
	at java.awt.EventDispatchThread.pumpEvents(EventDispatchThread.java:139)
	at java.awt.EventDispatchThread.run(EventDispatchThread.java:97)
Caused by: java.lang.NullPointerException
	at javax.swing.DefaultDesktopManager.maximizeFrame(DefaultDesktopManager.java:131)
	at javax.swing.plaf.basic.BasicInternalFrameUI.maximizeFrame(BasicInternalFrameUI.java:559)
	at javax.swing.plaf.basic.BasicInternalFrameUI$Handler.propertyChange(BasicInternalFrameUI.java:1414)
	at java.beans.PropertyChangeSupport.fire(PropertyChangeSupport.java:335)
	at java.beans.PropertyChangeSupport.firePropertyChange(PropertyChangeSupport.java:327)
	at java.beans.PropertyChangeSupport.firePropertyChange(PropertyChangeSupport.java:263)
	at java.awt.Component.firePropertyChange(Component.java:8382)
	at javax.swing.JInternalFrame.setMaximum(JInternalFrame.java:1024)
	at br.com.etec.controller.AtribuicaoController.show(AtribuicaoController.java:41)
	at br.com.etec.controller.MainController.initAtribuicaoAulas(MainController.java:45)
	at br.com.etec.controller.MainController.access$000(MainController.java:20)
	at br.com.etec.controller.MainController$1.action(MainController.java:39)
	at br.com.etec.view.action.AbstractAction.actionPerformed(AbstractAction.java:69)
	... 40 more
