2013-Jun-28 18:40:47,979 [AWT-EventQueue-0] org.jboss.logging 
  DEBUG Logging Provider: org.jboss.logging.Log4jLoggerProvider
2013-Jun-28 18:40:48,149 [AWT-EventQueue-0] org.hibernate.annotations.common.Version 
  INFO  HCANN000001: Hibernate Commons Annotations {4.0.1.Final}
2013-Jun-28 18:40:48,167 [AWT-EventQueue-0] org.hibernate.Version 
  INFO  HHH000412: Hibernate Core {4.1.6.Final}
2013-Jun-28 18:40:48,171 [AWT-EventQueue-0] org.hibernate.cfg.Environment 
  INFO  HHH000206: hibernate.properties not found
2013-Jun-28 18:40:48,175 [AWT-EventQueue-0] org.hibernate.cfg.Environment 
  INFO  HHH000021: Bytecode provider name : javassist
2013-Jun-28 18:40:48,218 [AWT-EventQueue-0] org.hibernate.ejb.Ejb3Configuration 
  INFO  HHH000204: Processing PersistenceUnitInfo [
	name: eteab01PU
	...]
2013-Jun-28 18:40:49,819 [AWT-EventQueue-0] org.hibernate.service.jdbc.connections.internal.ConnectionProviderInitiator 
  INFO  HHH000130: Instantiating explicit connection provider: org.hibernate.ejb.connection.InjectedDataSourceConnectionProvider
2013-Jun-28 18:40:50,237 [AWT-EventQueue-0] org.hibernate.dialect.Dialect 
  INFO  HHH000400: Using dialect: org.hibernate.dialect.MySQLDialect
2013-Jun-28 18:40:50,259 [AWT-EventQueue-0] org.hibernate.engine.transaction.internal.TransactionFactoryInitiator 
  INFO  HHH000268: Transaction strategy: org.hibernate.engine.transaction.internal.jdbc.JdbcTransactionFactory
2013-Jun-28 18:40:50,265 [AWT-EventQueue-0] org.hibernate.hql.internal.ast.ASTQueryTranslatorFactory 
  INFO  HHH000397: Using ASTQueryTranslatorFactory
2013-Jun-28 18:40:50,315 [AWT-EventQueue-0] org.hibernate.validator.internal.util.Version 
  INFO  HV000001: Hibernate Validator 4.3.1.Final
2013-Jun-28 18:40:58,899 [AWT-EventQueue-0] org.hibernate.ejb.Ejb3Configuration 
  INFO  HHH000204: Processing PersistenceUnitInfo [
	name: etecabPU
	...]
2013-Jun-28 18:40:59,522 [AWT-EventQueue-0] org.hibernate.service.jdbc.connections.internal.ConnectionProviderInitiator 
  INFO  HHH000130: Instantiating explicit connection provider: org.hibernate.ejb.connection.InjectedDataSourceConnectionProvider
2013-Jun-28 18:40:59,550 [AWT-EventQueue-0] org.hibernate.dialect.Dialect 
  INFO  HHH000400: Using dialect: org.hibernate.dialect.MySQLDialect
2013-Jun-28 18:40:59,551 [AWT-EventQueue-0] org.hibernate.engine.transaction.internal.TransactionFactoryInitiator 
  INFO  HHH000268: Transaction strategy: org.hibernate.engine.transaction.internal.jdbc.JdbcTransactionFactory
2013-Jun-28 18:40:59,551 [AWT-EventQueue-0] org.hibernate.hql.internal.ast.ASTQueryTranslatorFactory 
  INFO  HHH000397: Using ASTQueryTranslatorFactory
2013-Jun-28 18:40:59,949 [AWT-EventQueue-0] org.hibernate.service.jdbc.connections.internal.DriverManagerConnectionProviderImpl 
  INFO  HHH000402: Using Hibernate built-in connection pool (not for production use!)
2013-Jun-28 18:40:59,949 [AWT-EventQueue-0] org.hibernate.service.jdbc.connections.internal.DriverManagerConnectionProviderImpl 
  INFO  HHH000115: Hibernate connection pool size: 20
2013-Jun-28 18:40:59,949 [AWT-EventQueue-0] org.hibernate.service.jdbc.connections.internal.DriverManagerConnectionProviderImpl 
  INFO  HHH000006: Autocommit mode: true
2013-Jun-28 18:40:59,950 [AWT-EventQueue-0] org.hibernate.service.jdbc.connections.internal.DriverManagerConnectionProviderImpl 
  INFO  HHH000401: using driver [com.mysql.jdbc.Driver] at URL [jdbc:mysql://localhost:3307/eteab01]
2013-Jun-28 18:40:59,950 [AWT-EventQueue-0] org.hibernate.service.jdbc.connections.internal.DriverManagerConnectionProviderImpl 
  INFO  HHH000046: Connection properties: {user=eteab01, password=****, autocommit=true, release_mode=auto}
2013-Jun-28 18:40:59,976 [AWT-EventQueue-0] org.hibernate.dialect.Dialect 
  INFO  HHH000400: Using dialect: org.hibernate.dialect.MySQLDialect
2013-Jun-28 18:40:59,977 [AWT-EventQueue-0] org.hibernate.engine.transaction.internal.TransactionFactoryInitiator 
  INFO  HHH000268: Transaction strategy: org.hibernate.engine.transaction.internal.jdbc.JdbcTransactionFactory
2013-Jun-28 18:40:59,978 [AWT-EventQueue-0] org.hibernate.hql.internal.ast.ASTQueryTranslatorFactory 
  INFO  HHH000397: Using ASTQueryTranslatorFactory
